Using pre-set license
Built from '2020.3/staging' branch; Version is '2020.3.8f1 (507919d4fff5) revision 5273881'; Using compiler version '192528614'; Build Type 'Release'
OS: 'Windows 10 Home; OS build 18363.592; Version 1909; 64bit' Language: 'en' Physical Memory: 8034 MB
BatchMode: 1, IsHumanControllingUs: 0, StartBugReporterOnCrash: 0, Is64bit: 1, IsPro: 0

 COMMAND LINE ARGUMENTS:
C:\Program Files\Unity\Hub\Editor\2020.3.8f1\Editor\Unity.exe
-adb2
-batchMode
-noUpm
-name
AssetImportWorker0
-projectPath
D:/Sheffield Hallam University/Year 2/Game Deb/Game-Practice-Hub/Game Practice Hub
-logFile
Logs/AssetImportWorker0.log
-srvPort
59032
Successfully changed project path to: D:/Sheffield Hallam University/Year 2/Game Deb/Game-Practice-Hub/Game Practice Hub
D:/Sheffield Hallam University/Year 2/Game Deb/Game-Practice-Hub/Game Practice Hub
Using Asset Import Pipeline V2.
Refreshing native plugins compatible for Editor in 55.84 ms, found 2 plugins.
Preloading 0 native plugins for Editor in 0.00 ms.
Initialize engine version: 2020.3.8f1 (507919d4fff5)
[Subsystems] Discovering subsystems at path C:/Program Files/Unity/Hub/Editor/2020.3.8f1/Editor/Data/Resources/UnitySubsystems
[Subsystems] Discovering subsystems at path D:/Sheffield Hallam University/Year 2/Game Deb/Game-Practice-Hub/Game Practice Hub/Assets
GfxDevice: creating device client; threaded=0
Direct3D:
    Version:  Direct3D 11.0 [level 11.1]
    Renderer: Intel(R) UHD Graphics 630 (ID=0x3e9b)
    Vendor:   
    VRAM:     4017 MB
    Driver:   27.20.100.8681
Initialize mono
Mono path[0] = 'C:/Program Files/Unity/Hub/Editor/2020.3.8f1/Editor/Data/Managed'
Mono path[1] = 'C:/Program Files/Unity/Hub/Editor/2020.3.8f1/Editor/Data/MonoBleedingEdge/lib/mono/unityjit'
Mono config path = 'C:/Program Files/Unity/Hub/Editor/2020.3.8f1/Editor/Data/MonoBleedingEdge/etc'
Using monoOptions --debugger-agent=transport=dt_socket,embedding=1,server=y,suspend=n,address=127.0.0.1:56468
Begin MonoManager ReloadAssembly
Registering precompiled unity dll's ...
Register platform support module: C:/Program Files/Unity/Hub/Editor/2020.3.8f1/Editor/Data/PlaybackEngines/WindowsStandaloneSupport/UnityEditor.WindowsStandalone.Extensions.dll
Registered in 0.008891 seconds.
Native extension for WindowsStandalone target not found
Refreshing native plugins compatible for Editor in 83.04 ms, found 2 plugins.
Preloading 0 native plugins for Editor in 0.00 ms.
Mono: successfully reloaded assembly
- Completed reload, in  3.660 seconds
Platform modules already initialized, skipping
Registering precompiled user dll's ...
Registered in 0.004700 seconds.
Begin MonoManager ReloadAssembly
Symbol file data-00000296A8A6C030 doesn't match image D:\Sheffield Hallam University\Year 2\Game Deb\Game-Practice-Hub\Game Practice Hub\Library\ScriptAssemblies\Unity.Services.Core.Editor.dll
Symbol file LoadedFromMemory is not a mono symbol file
Symbol file data-00000296A372A870 doesn't match image D:\Sheffield Hallam University\Year 2\Game Deb\Game-Practice-Hub\Game Practice Hub\Library\ScriptAssemblies\Unity.VSCode.Editor.dll
Symbol file LoadedFromMemory is not a mono symbol file
Symbol file data-00000296A8745020 doesn't match image D:\Sheffield Hallam University\Year 2\Game Deb\Game-Practice-Hub\Game Practice Hub\Library\ScriptAssemblies\Unity.TextMeshPro.Editor.dll
Symbol file LoadedFromMemory is not a mono symbol file
Symbol file data-00000296A30727A0 doesn't match image D:\Sheffield Hallam University\Year 2\Game Deb\Game-Practice-Hub\Game Practice Hub\Library\ScriptAssemblies\Unity.VisualStudio.Editor.dll
Symbol file LoadedFromMemory is not a mono symbol file
Symbol file data-00000296A30727A0 doesn't match image D:\Sheffield Hallam University\Year 2\Game Deb\Game-Practice-Hub\Game Practice Hub\Library\ScriptAssemblies\UnityEngine.TestRunner.dll
Symbol file LoadedFromMemory is not a mono symbol file
Symbol file data-00000296A7440080 doesn't match image D:\Sheffield Hallam University\Year 2\Game Deb\Game-Practice-Hub\Game Practice Hub\Library\ScriptAssemblies\Unity.Timeline.Editor.dll
Symbol file LoadedFromMemory is not a mono symbol file
Symbol file data-00000296A2B08040 doesn't match image D:\Sheffield Hallam University\Year 2\Game Deb\Game-Practice-Hub\Game Practice Hub\Library\ScriptAssemblies\Unity.Timeline.dll
Symbol file LoadedFromMemory is not a mono symbol file
Symbol file data-00000296A2B08040 doesn't match image D:\Sheffield Hallam University\Year 2\Game Deb\Game-Practice-Hub\Game Practice Hub\Library\ScriptAssemblies\Unity.TextMeshPro.dll
Symbol file LoadedFromMemory is not a mono symbol file
Symbol file data-00000296A34A25F0 doesn't match image D:\Sheffield Hallam University\Year 2\Game Deb\Game-Practice-Hub\Game Practice Hub\Library\ScriptAssemblies\Unity.CollabProxy.Editor.dll
Symbol file LoadedFromMemory is not a mono symbol file
Symbol file data-00000296A34A25F0 doesn't match image D:\Sheffield Hallam University\Year 2\Game Deb\Game-Practice-Hub\Game Practice Hub\Library\ScriptAssemblies\UnityEditor.TestRunner.dll
Symbol file LoadedFromMemory is not a mono symbol file
Symbol file data-00000296A2E07C20 doesn't match image D:\Sheffield Hallam University\Year 2\Game Deb\Game-Practice-Hub\Game Practice Hub\Library\ScriptAssemblies\Unity.PlasticSCM.Editor.dll
Symbol file LoadedFromMemory is not a mono symbol file
Symbol file data-00000296A37507E0 doesn't match image D:\Sheffield Hallam University\Year 2\Game Deb\Game-Practice-Hub\Game Practice Hub\Library\ScriptAssemblies\Unity.Rider.Editor.dll
Symbol file LoadedFromMemory is not a mono symbol file
Native extension for WindowsStandalone target not found
Refreshing native plugins compatible for Editor in 0.80 ms, found 2 plugins.
Preloading 0 native plugins for Editor in 0.00 ms.
Mono: successfully reloaded assembly
- Completed reload, in  2.945 seconds
Platform modules already initialized, skipping
========================================================================
Worker process is ready to serve import requests
Launched and connected shader compiler UnityShaderCompiler.exe after 0.34 seconds
Refreshing native plugins compatible for Editor in 1.10 ms, found 2 plugins.
Preloading 0 native plugins for Editor in 0.00 ms.
Unloading 1506 Unused Serialized files (Serialized files now loaded: 0)
System memory in use before: 73.7 MB.
System memory in use after: 73.7 MB.

Unloading 19 unused Assets to reduce memory usage. Loaded Objects now: 1946.
Total: 8.567400 ms (FindLiveObjects: 3.694100 ms CreateObjectMapping: 0.256900 ms MarkObjects: 4.457900 ms  DeleteObjects: 0.156300 ms)

========================================================================
Received Import Request.
  path: Assets/Scripts/Turret.cs
  artifactKey: Guid(2a6e076992a9e6f4798a18c61fdc2852) Importer(815301076,1909f56bfc062723c751e8b465ee728b)
Start importing Assets/Scripts/Turret.cs using Guid(2a6e076992a9e6f4798a18c61fdc2852) Importer(815301076,1909f56bfc062723c751e8b465ee728b)  -> (artifact id: 'cb5613fcb876cbb1de6a7ed8ed6245bf') in 0.155590 seconds
  Import took 0.245670 seconds .

========================================================================
Received Import Request.
  Time since last request: 105.786095 seconds.
  path: Assets/Scripts/Turret.cs
  artifactKey: Guid(2a6e076992a9e6f4798a18c61fdc2852) Importer(815301076,1909f56bfc062723c751e8b465ee728b)
Start importing Assets/Scripts/Turret.cs using Guid(2a6e076992a9e6f4798a18c61fdc2852) Importer(815301076,1909f56bfc062723c751e8b465ee728b)  -> (artifact id: '3ee0a638a74e0566390e0cc70a2089f2') in 0.005813 seconds
  Import took 0.013127 seconds .

========================================================================
Received Prepare
Registering precompiled user dll's ...
Registered in 0.013156 seconds.
Begin MonoManager ReloadAssembly
Symbol file data-00000296A2C897A0 doesn't match image D:\Sheffield Hallam University\Year 2\Game Deb\Game-Practice-Hub\Game Practice Hub\Library\ScriptAssemblies\Unity.Services.Core.Editor.dll
Symbol file LoadedFromMemory is not a mono symbol file
Symbol file data-00000296A30C8580 doesn't match image D:\Sheffield Hallam University\Year 2\Game Deb\Game-Practice-Hub\Game Practice Hub\Library\ScriptAssemblies\Unity.VSCode.Editor.dll
Symbol file LoadedFromMemory is not a mono symbol file
Symbol file data-00000296A3177020 doesn't match image D:\Sheffield Hallam University\Year 2\Game Deb\Game-Practice-Hub\Game Practice Hub\Library\ScriptAssemblies\Unity.TextMeshPro.Editor.dll
Symbol file LoadedFromMemory is not a mono symbol file
Symbol file data-00000296A2FA5010 doesn't match image D:\Sheffield Hallam University\Year 2\Game Deb\Game-Practice-Hub\Game Practice Hub\Library\ScriptAssemblies\Unity.VisualStudio.Editor.dll
Symbol file LoadedFromMemory is not a mono symbol file
Symbol file data-00000296A3177020 doesn't match image D:\Sheffield Hallam University\Year 2\Game Deb\Game-Practice-Hub\Game Practice Hub\Library\ScriptAssemblies\UnityEngine.TestRunner.dll
Symbol file LoadedFromMemory is not a mono symbol file
Symbol file data-00000296A2D6AE60 doesn't match image D:\Sheffield Hallam University\Year 2\Game Deb\Game-Practice-Hub\Game Practice Hub\Library\ScriptAssemblies\Unity.Timeline.Editor.dll
Symbol file LoadedFromMemory is not a mono symbol file
Symbol file data-00000296A3177020 doesn't match image D:\Sheffield Hallam University\Year 2\Game Deb\Game-Practice-Hub\Game Practice Hub\Library\ScriptAssemblies\Unity.Timeline.dll
Symbol file LoadedFromMemory is not a mono symbol file
Symbol file data-00000296A2B08040 doesn't match image D:\Sheffield Hallam University\Year 2\Game Deb\Game-Practice-Hub\Game Practice Hub\Library\ScriptAssemblies\Unity.TextMeshPro.dll
Symbol file LoadedFromMemory is not a mono symbol file
Symbol file data-00000296A3177020 doesn't match image D:\Sheffield Hallam University\Year 2\Game Deb\Game-Practice-Hub\Game Practice Hub\Library\ScriptAssemblies\Unity.CollabProxy.Editor.dll
Symbol file LoadedFromMemory is not a mono symbol file
Symbol file data-00000296A31FD840 doesn't match image D:\Sheffield Hallam University\Year 2\Game Deb\Game-Practice-Hub\Game Practice Hub\Library\ScriptAssemblies\UnityEditor.TestRunner.dll
Symbol file LoadedFromMemory is not a mono symbol file
Symbol file data-00000296A2D6AE60 doesn't match image D:\Sheffield Hallam University\Year 2\Game Deb\Game-Practice-Hub\Game Practice Hub\Library\ScriptAssemblies\Unity.PlasticSCM.Editor.dll
Symbol file LoadedFromMemory is not a mono symbol file
Symbol file data-00000296A2C897A0 doesn't match image D:\Sheffield Hallam University\Year 2\Game Deb\Game-Practice-Hub\Game Practice Hub\Library\ScriptAssemblies\Unity.Rider.Editor.dll
Symbol file LoadedFromMemory is not a mono symbol file
Native extension for WindowsStandalone target not found
Refreshing native plugins compatible for Editor in 0.52 ms, found 2 plugins.
Preloading 0 native plugins for Editor in 0.00 ms.
Mono: successfully reloaded assembly
- Completed reload, in  1.467 seconds
Platform modules already initialized, skipping
Refreshing native plugins compatible for Editor in 0.46 ms, found 2 plugins.
Preloading 0 native plugins for Editor in 0.00 ms.
Unloading 1500 Unused Serialized files (Serialized files now loaded: 0)
System memory in use before: 73.6 MB.
System memory in use after: 73.7 MB.

Unloading 14 unused Assets to reduce memory usage. Loaded Objects now: 1948.
Total: 3.032500 ms (FindLiveObjects: 0.205600 ms CreateObjectMapping: 0.062400 ms MarkObjects: 2.739100 ms  DeleteObjects: 0.024200 ms)

========================================================================
Received Import Request.
  Time since last request: 20.770105 seconds.
  path: Assets/Prefabs/ClimbingMaterial.physicMaterial
  artifactKey: Guid(6b91393a0ac92e142a75885d0d38f85f) Importer(815301076,1909f56bfc062723c751e8b465ee728b)
Start importing Assets/Prefabs/ClimbingMaterial.physicMaterial using Guid(6b91393a0ac92e142a75885d0d38f85f) Importer(815301076,1909f56bfc062723c751e8b465ee728b)  -> (artifact id: 'ad6d307c8c5b57e36b8cb95841cd91e4') in 0.027848 seconds
  Import took 0.031581 seconds .

========================================================================
Received Import Request.
  Time since last request: 0.000318 seconds.
  path: Assets/Prefabs/Gas Giant.prefab
  artifactKey: Guid(493ab75120f75d44998c0b4703f886d5) Importer(815301076,1909f56bfc062723c751e8b465ee728b)
Start importing Assets/Prefabs/Gas Giant.prefab using Guid(493ab75120f75d44998c0b4703f886d5) Importer(815301076,1909f56bfc062723c751e8b465ee728b)  -> (artifact id: '2a4c0f1b3b799c6c767c9914b0e7031b') in 0.238940 seconds
  Import took 0.242893 seconds .

========================================================================
Received Import Request.
  Time since last request: 0.000299 seconds.
  path: Assets/Prefabs/SlidyMaterial.physicMaterial
  artifactKey: Guid(fa872d112c348714289da042241f6c3a) Importer(815301076,1909f56bfc062723c751e8b465ee728b)
Start importing Assets/Prefabs/SlidyMaterial.physicMaterial using Guid(fa872d112c348714289da042241f6c3a) Importer(815301076,1909f56bfc062723c751e8b465ee728b)  -> (artifact id: '2fcdc6a0b102bb0736a056f4b46a8c62') in 0.011636 seconds
  Import took 0.015325 seconds .

========================================================================
Received Import Request.
  Time since last request: 0.000342 seconds.
  path: Assets/Prefabs/Orange Star.prefab
  artifactKey: Guid(4ceaceff18494e847b8e085240d708ef) Importer(815301076,1909f56bfc062723c751e8b465ee728b)
Start importing Assets/Prefabs/Orange Star.prefab using Guid(4ceaceff18494e847b8e085240d708ef) Importer(815301076,1909f56bfc062723c751e8b465ee728b)  -> (artifact id: 'ed3b4a6b9322261b88bfdf647983f249') in 0.036290 seconds
  Import took 0.040467 seconds .

========================================================================
Received Import Request.
  Time since last request: 0.000360 seconds.
  path: Assets/Prefabs/PlatBlock1.prefab
  artifactKey: Guid(581f24138e186044995d32650c785bb3) Importer(815301076,1909f56bfc062723c751e8b465ee728b)
Start importing Assets/Prefabs/PlatBlock1.prefab using Guid(581f24138e186044995d32650c785bb3) Importer(815301076,1909f56bfc062723c751e8b465ee728b)  -> (artifact id: '7c4b57afb94db4dbfce41f195d184762') in 0.038169 seconds
  Import took 0.041945 seconds .

========================================================================
Received Import Request.
  Time since last request: 0.000352 seconds.
  path: Assets/Prefabs/Vines.mat
  artifactKey: Guid(f34949d162988534e9a2496502ad6524) Importer(815301076,1909f56bfc062723c751e8b465ee728b)
Start importing Assets/Prefabs/Vines.mat using Guid(f34949d162988534e9a2496502ad6524) Importer(815301076,1909f56bfc062723c751e8b465ee728b)  -> (artifact id: '36739174d2710295b9eaa6ee15574a71') in 0.076937 seconds
  Import took 0.080780 seconds .

========================================================================
Received Import Request.
  Time since last request: 0.000283 seconds.
  path: Assets/Prefabs/Tank.prefab
  artifactKey: Guid(f198505f871231e43bb14fb1d915edb5) Importer(815301076,1909f56bfc062723c751e8b465ee728b)
Start importing Assets/Prefabs/Tank.prefab using Guid(f198505f871231e43bb14fb1d915edb5) Importer(815301076,1909f56bfc062723c751e8b465ee728b)  -> (artifact id: 'b28ad7b1a5086010ab43291e981bd9e1') in 0.051739 seconds
  Import took 0.055640 seconds .

========================================================================
Received Import Request.
  Time since last request: 0.000308 seconds.
  path: Assets/Prefabs/Rocky Planet.prefab
  artifactKey: Guid(d02dc09cacb22d248a71fe8d06641ab6) Importer(815301076,1909f56bfc062723c751e8b465ee728b)
Start importing Assets/Prefabs/Rocky Planet.prefab using Guid(d02dc09cacb22d248a71fe8d06641ab6) Importer(815301076,1909f56bfc062723c751e8b465ee728b)  -> (artifact id: 'f0cad3321f0fa13656c871718c48c4d5') in 0.017202 seconds
  Import took 0.021068 seconds .

========================================================================
Received Import Request.
  Time since last request: 0.000286 seconds.
  path: Assets/Prefabs/Player1.prefab
  artifactKey: Guid(ab4b13ceed8401748bd8825398fa9a00) Importer(815301076,1909f56bfc062723c751e8b465ee728b)
Start importing Assets/Prefabs/Player1.prefab using Guid(ab4b13ceed8401748bd8825398fa9a00) Importer(815301076,1909f56bfc062723c751e8b465ee728b)  -> (artifact id: '94e5223c6aab3614601a490e34b90e75') in 0.025122 seconds
  Import took 0.030673 seconds .

========================================================================
Received Import Request.
  Time since last request: 0.000316 seconds.
  path: Assets/Prefabs/Vineblock 1.prefab
  artifactKey: Guid(ba22dc470319614499ace452528a7ba4) Importer(815301076,1909f56bfc062723c751e8b465ee728b)
Start importing Assets/Prefabs/Vineblock 1.prefab using Guid(ba22dc470319614499ace452528a7ba4) Importer(815301076,1909f56bfc062723c751e8b465ee728b)  -> (artifact id: 'd199760514d9f580b5a472ff9cff37a6') in 0.020470 seconds
  Import took 0.025514 seconds .

========================================================================
Received Import Request.
  Time since last request: 0.002412 seconds.
  path: Assets/Prefabs/Vineblock 1.prefab
  artifactKey: Guid(ba22dc470319614499ace452528a7ba4) Importer(815301076,1909f56bfc062723c751e8b465ee728b)
Start importing Assets/Prefabs/Vineblock 1.prefab using Guid(ba22dc470319614499ace452528a7ba4) Importer(815301076,1909f56bfc062723c751e8b465ee728b)  -> (artifact id: 'd199760514d9f580b5a472ff9cff37a6') in 0.013068 seconds
  Import took 0.017752 seconds .

========================================================================
Received Import Request.
  Time since last request: 0.802119 seconds.
  path: Assets/Prefabs
  artifactKey: Guid(5f6ecdea29222c0419b3069f8c1a4dd0) Importer(815301076,1909f56bfc062723c751e8b465ee728b)
Start importing Assets/Prefabs using Guid(5f6ecdea29222c0419b3069f8c1a4dd0) Importer(815301076,1909f56bfc062723c751e8b465ee728b)  -> (artifact id: 'f15916b567d40932a31d78ee20a882f1') in 0.011027 seconds
  Import took 0.015588 seconds .

========================================================================
Received Import Request.
  Time since last request: 12.974829 seconds.
  path: Assets/Prefabs/Bullet.prefab
  artifactKey: Guid(9c5bc5f54816a3244aee593a9d6da1a6) Importer(815301076,1909f56bfc062723c751e8b465ee728b)
Start importing Assets/Prefabs/Bullet.prefab using Guid(9c5bc5f54816a3244aee593a9d6da1a6) Importer(815301076,1909f56bfc062723c751e8b465ee728b)  -> (artifact id: '493426d97480e8b407d4f23ea7fd9622') in 0.010495 seconds
  Import took 0.014218 seconds .

========================================================================
Received Import Request.
  Time since last request: 0.052612 seconds.
  path: Assets/Prefabs/Bullet.prefab
  artifactKey: Guid(9c5bc5f54816a3244aee593a9d6da1a6) Importer(815301076,1909f56bfc062723c751e8b465ee728b)
Start importing Assets/Prefabs/Bullet.prefab using Guid(9c5bc5f54816a3244aee593a9d6da1a6) Importer(815301076,1909f56bfc062723c751e8b465ee728b)  -> (artifact id: '493426d97480e8b407d4f23ea7fd9622') in 0.028727 seconds
  Import took 0.032880 seconds .

========================================================================
Received Import Request.
  Time since last request: 64.005206 seconds.
  path: Assets/Materials/Blue Gassy.mat
  artifactKey: Guid(0b628f64fa99f6d41b1134eb1ae1da35) Importer(815301076,1909f56bfc062723c751e8b465ee728b)
Start importing Assets/Materials/Blue Gassy.mat using Guid(0b628f64fa99f6d41b1134eb1ae1da35) Importer(815301076,1909f56bfc062723c751e8b465ee728b)  -> (artifact id: '1b4883a8a18ab9603a64a6dda8884f57') in 0.023272 seconds
  Import took 0.026917 seconds .

========================================================================
Received Import Request.
  Time since last request: 0.000344 seconds.
  path: Assets/Materials/Red Rocky.mat
  artifactKey: Guid(ba020ff4b7e18f44aafc8152eedff6d0) Importer(815301076,1909f56bfc062723c751e8b465ee728b)
Start importing Assets/Materials/Red Rocky.mat using Guid(ba020ff4b7e18f44aafc8152eedff6d0) Importer(815301076,1909f56bfc062723c751e8b465ee728b)  -> (artifact id: '05c2dc8bc0aedcccced63e95e066f1bd') in 1.643432 seconds
  Import took 1.646989 seconds .

========================================================================
Received Import Request.
  Time since last request: 0.000467 seconds.
  path: Assets/Materials/Moon 1.mat
  artifactKey: Guid(4f08c1ac4055fa24a8e76a99623d7119) Importer(815301076,1909f56bfc062723c751e8b465ee728b)
Start importing Assets/Materials/Moon 1.mat using Guid(4f08c1ac4055fa24a8e76a99623d7119) Importer(815301076,1909f56bfc062723c751e8b465ee728b)  -> (artifact id: '0a1333610a7c6a7e8c1b4d415e75d9b1') in 0.178812 seconds
  Import took 0.182282 seconds .

========================================================================
Received Import Request.
  Time since last request: 0.000320 seconds.
  path: Assets/Materials/Platform.mat
  artifactKey: Guid(082f23b319e024240b9938b5195adb94) Importer(815301076,1909f56bfc062723c751e8b465ee728b)
Start importing Assets/Materials/Platform.mat using Guid(082f23b319e024240b9938b5195adb94) Importer(815301076,1909f56bfc062723c751e8b465ee728b)  -> (artifact id: '4afd397887e6b2d5b333e60ac00ad87a') in 0.020949 seconds
  Import took 0.024361 seconds .

========================================================================
Received Import Request.
  Time since last request: 0.000334 seconds.
  path: Assets/Materials/Orange Star.mat
  artifactKey: Guid(e771a5e645019214b8330b6b7a0a8db2) Importer(815301076,1909f56bfc062723c751e8b465ee728b)
Start importing Assets/Materials/Orange Star.mat using Guid(e771a5e645019214b8330b6b7a0a8db2) Importer(815301076,1909f56bfc062723c751e8b465ee728b)  -> (artifact id: 'e93d625f785d9a555c3bf71c740f1c02') in 0.022298 seconds
  Import took 0.026533 seconds .

========================================================================
Received Import Request.
  Time since last request: 0.000568 seconds.
  path: Assets/Materials/Pink Gassy.mat
  artifactKey: Guid(a3ed84a5539333c40aabb3984d64c961) Importer(815301076,1909f56bfc062723c751e8b465ee728b)
Start importing Assets/Materials/Pink Gassy.mat using Guid(a3ed84a5539333c40aabb3984d64c961) Importer(815301076,1909f56bfc062723c751e8b465ee728b)  -> (artifact id: '713a8a9dfab390d9a845c0f5983d4879') in 0.018504 seconds
  Import took 0.023036 seconds .

========================================================================
Received Import Request.
  Time since last request: 0.000272 seconds.
  path: Assets/Materials/UFO.mat
  artifactKey: Guid(7200bcc5ab9f2184bb92468fa4998fa4) Importer(815301076,1909f56bfc062723c751e8b465ee728b)
Start importing Assets/Materials/UFO.mat using Guid(7200bcc5ab9f2184bb92468fa4998fa4) Importer(815301076,1909f56bfc062723c751e8b465ee728b)  -> (artifact id: '301087f0b412aa765e785b3ce2c6369d') in 0.024824 seconds
  Import took 0.028555 seconds .

========================================================================
Received Import Request.
  Time since last request: 10.285292 seconds.
  path: Assets/Prefabs/Sphere.prefab
  artifactKey: Guid(b981cca99dd01d247ba4e9565c7aa72e) Importer(815301076,1909f56bfc062723c751e8b465ee728b)
Start importing Assets/Prefabs/Sphere.prefab using Guid(b981cca99dd01d247ba4e9565c7aa72e) Importer(815301076,1909f56bfc062723c751e8b465ee728b)  -> (artifact id: 'e10c0948a6751683d83455d2d099ff42') in 0.019101 seconds
  Import took 0.022689 seconds .

========================================================================
Received Import Request.
  Time since last request: 0.013213 seconds.
  path: Assets/Prefabs/Sphere.prefab
  artifactKey: Guid(b981cca99dd01d247ba4e9565c7aa72e) Importer(815301076,1909f56bfc062723c751e8b465ee728b)
Start importing Assets/Prefabs/Sphere.prefab using Guid(b981cca99dd01d247ba4e9565c7aa72e) Importer(815301076,1909f56bfc062723c751e8b465ee728b)  -> (artifact id: 'e10c0948a6751683d83455d2d099ff42') in 0.011086 seconds
  Import took 0.014928 seconds .

========================================================================
Received Prepare
Registering precompiled user dll's ...
Registered in 0.004742 seconds.
Begin MonoManager ReloadAssembly
Symbol file data-00000296A2C897A0 doesn't match image D:\Sheffield Hallam University\Year 2\Game Deb\Game-Practice-Hub\Game Practice Hub\Library\ScriptAssemblies\Unity.Services.Core.Editor.dll
Symbol file LoadedFromMemory is not a mono symbol file
Symbol file data-00000296A2CAED90 doesn't match image D:\Sheffield Hallam University\Year 2\Game Deb\Game-Practice-Hub\Game Practice Hub\Library\ScriptAssemblies\Unity.VSCode.Editor.dll
Symbol file LoadedFromMemory is not a mono symbol file
Symbol file data-00000296A753D020 doesn't match image D:\Sheffield Hallam University\Year 2\Game Deb\Game-Practice-Hub\Game Practice Hub\Library\ScriptAssemblies\Unity.TextMeshPro.Editor.dll
Symbol file LoadedFromMemory is not a mono symbol file
Symbol file data-00000296AAA19990 doesn't match image D:\Sheffield Hallam University\Year 2\Game Deb\Game-Practice-Hub\Game Practice Hub\Library\ScriptAssemblies\Unity.VisualStudio.Editor.dll
Symbol file LoadedFromMemory is not a mono symbol file
Symbol file data-00000296A371FC60 doesn't match image D:\Sheffield Hallam University\Year 2\Game Deb\Game-Practice-Hub\Game Practice Hub\Library\ScriptAssemblies\UnityEngine.TestRunner.dll
Symbol file LoadedFromMemory is not a mono symbol file
Symbol file data-00000296ABC296F0 doesn't match image D:\Sheffield Hallam University\Year 2\Game Deb\Game-Practice-Hub\Game Practice Hub\Library\ScriptAssemblies\Unity.Timeline.Editor.dll
Symbol file LoadedFromMemory is not a mono symbol file
Symbol file data-00000296A371FC60 doesn't match image D:\Sheffield Hallam University\Year 2\Game Deb\Game-Practice-Hub\Game Practice Hub\Library\ScriptAssemblies\Unity.Timeline.dll
Symbol file LoadedFromMemory is not a mono symbol file
Symbol file data-00000296A2B08040 doesn't match image D:\Sheffield Hallam University\Year 2\Game Deb\Game-Practice-Hub\Game Practice Hub\Library\ScriptAssemblies\Unity.TextMeshPro.dll
Symbol file LoadedFromMemory is not a mono symbol file
Symbol file data-00000296A371FC60 doesn't match image D:\Sheffield Hallam University\Year 2\Game Deb\Game-Practice-Hub\Game Practice Hub\Library\ScriptAssemblies\Unity.CollabProxy.Editor.dll
Symbol file LoadedFromMemory is not a mono symbol file
Symbol file data-00000296A305B5A0 doesn't match image D:\Sheffield Hallam University\Year 2\Game Deb\Game-Practice-Hub\Game Practice Hub\Library\ScriptAssemblies\UnityEditor.TestRunner.dll
Symbol file LoadedFromMemory is not a mono symbol file
Symbol file data-00000296AB347460 doesn't match image D:\Sheffield Hallam University\Year 2\Game Deb\Game-Practice-Hub\Game Practice Hub\Library\ScriptAssemblies\Unity.PlasticSCM.Editor.dll
Symbol file LoadedFromMemory is not a mono symbol file
Symbol file data-00000296A2C897A0 doesn't match image D:\Sheffield Hallam University\Year 2\Game Deb\Game-Practice-Hub\Game Practice Hub\Library\ScriptAssemblies\Unity.Rider.Editor.dll
Symbol file LoadedFromMemory is not a mono symbol file
Native extension for WindowsStandalone target not found
Refreshing native plugins compatible for Editor in 0.79 ms, found 2 plugins.
Preloading 0 native plugins for Editor in 0.00 ms.
Mono: successfully reloaded assembly
- Completed reload, in  1.578 seconds
Platform modules already initialized, skipping
Refreshing native plugins compatible for Editor in 0.45 ms, found 2 plugins.
Preloading 0 native plugins for Editor in 0.00 ms.
Unloading 1500 Unused Serialized files (Serialized files now loaded: 0)
System memory in use before: 77.0 MB.
System memory in use after: 77.1 MB.

Unloading 14 unused Assets to reduce memory usage. Loaded Objects now: 1994.
Total: 6.533000 ms (FindLiveObjects: 0.220800 ms CreateObjectMapping: 0.069300 ms MarkObjects: 6.215800 ms  DeleteObjects: 0.025600 ms)

========================================================================
Received Import Request.
  Time since last request: 76.078196 seconds.
  path: Assets/Prefabs/Tank.prefab
  artifactKey: Guid(f198505f871231e43bb14fb1d915edb5) Importer(815301076,1909f56bfc062723c751e8b465ee728b)
Start importing Assets/Prefabs/Tank.prefab using Guid(f198505f871231e43bb14fb1d915edb5) Importer(815301076,1909f56bfc062723c751e8b465ee728b)  -> (artifact id: 'a1c7c54b8d90209d1d2a81f8725ab5ce') in 0.085762 seconds
  Import took 0.089461 seconds .

========================================================================
Received Prepare
Registering precompiled user dll's ...
Registered in 0.004609 seconds.
Begin MonoManager ReloadAssembly
Symbol file data-00000296A2E6BE40 doesn't match image D:\Sheffield Hallam University\Year 2\Game Deb\Game-Practice-Hub\Game Practice Hub\Library\ScriptAssemblies\Unity.Services.Core.Editor.dll
Symbol file LoadedFromMemory is not a mono symbol file
Symbol file data-00000296A2CAED90 doesn't match image D:\Sheffield Hallam University\Year 2\Game Deb\Game-Practice-Hub\Game Practice Hub\Library\ScriptAssemblies\Unity.VSCode.Editor.dll
Symbol file LoadedFromMemory is not a mono symbol file
Symbol file data-00000296AB5411C0 doesn't match image D:\Sheffield Hallam University\Year 2\Game Deb\Game-Practice-Hub\Game Practice Hub\Library\ScriptAssemblies\Unity.TextMeshPro.Editor.dll
Symbol file LoadedFromMemory is not a mono symbol file
Symbol file data-00000296A9208930 doesn't match image D:\Sheffield Hallam University\Year 2\Game Deb\Game-Practice-Hub\Game Practice Hub\Library\ScriptAssemblies\Unity.VisualStudio.Editor.dll
Symbol file LoadedFromMemory is not a mono symbol file
Symbol file data-00000296AB5411C0 doesn't match image D:\Sheffield Hallam University\Year 2\Game Deb\Game-Practice-Hub\Game Practice Hub\Library\ScriptAssemblies\UnityEngine.TestRunner.dll
Symbol file LoadedFromMemory is not a mono symbol file
Symbol file data-00000296AA78EFC0 doesn't match image D:\Sheffield Hallam University\Year 2\Game Deb\Game-Practice-Hub\Game Practice Hub\Library\ScriptAssemblies\Unity.Timeline.Editor.dll
Symbol file LoadedFromMemory is not a mono symbol file
Symbol file data-00000296AB5411C0 doesn't match image D:\Sheffield Hallam University\Year 2\Game Deb\Game-Practice-Hub\Game Practice Hub\Library\ScriptAssemblies\Unity.Timeline.dll
Symbol file LoadedFromMemory is not a mono symbol file
Symbol file data-00000296A303B590 doesn't match image D:\Sheffield Hallam University\Year 2\Game Deb\Game-Practice-Hub\Game Practice Hub\Library\ScriptAssemblies\Unity.TextMeshPro.dll
Symbol file LoadedFromMemory is not a mono symbol file
Symbol file data-00000296AB5411C0 doesn't match image D:\Sheffield Hallam University\Year 2\Game Deb\Game-Practice-Hub\Game Practice Hub\Library\ScriptAssemblies\Unity.CollabProxy.Editor.dll
Symbol file LoadedFromMemory is not a mono symbol file
Symbol file data-00000296A3619C70 doesn't match image D:\Sheffield Hallam University\Year 2\Game Deb\Game-Practice-Hub\Game Practice Hub\Library\ScriptAssemblies\UnityEditor.TestRunner.dll
Symbol file LoadedFromMemory is not a mono symbol file
Symbol file data-00000296AB42F030 doesn't match image D:\Sheffield Hallam University\Year 2\Game Deb\Game-Practice-Hub\Game Practice Hub\Library\ScriptAssemblies\Unity.PlasticSCM.Editor.dll
Symbol file LoadedFromMemory is not a mono symbol file
Symbol file data-00000296A3727C70 doesn't match image D:\Sheffield Hallam University\Year 2\Game Deb\Game-Practice-Hub\Game Practice Hub\Library\ScriptAssemblies\Unity.Rider.Editor.dll
Symbol file LoadedFromMemory is not a mono symbol file
Native extension for WindowsStandalone target not found
Refreshing native plugins compatible for Editor in 0.46 ms, found 2 plugins.
Preloading 0 native plugins for Editor in 0.00 ms.
Mono: successfully reloaded assembly
- Completed reload, in  1.656 seconds
Platform modules already initialized, skipping
Refreshing native plugins compatible for Editor in 0.45 ms, found 2 plugins.
Preloading 0 native plugins for Editor in 0.00 ms.
Unloading 1500 Unused Serialized files (Serialized files now loaded: 0)
System memory in use before: 77.1 MB.
System memory in use after: 77.2 MB.

Unloading 14 unused Assets to reduce memory usage. Loaded Objects now: 1997.
Total: 2.940600 ms (FindLiveObjects: 0.227000 ms CreateObjectMapping: 0.068800 ms MarkObjects: 2.618100 ms  DeleteObjects: 0.025500 ms)

========================================================================
Received Prepare
Registering precompiled user dll's ...
Registered in 0.004435 seconds.
Begin MonoManager ReloadAssembly
Symbol file data-00000296ABC22010 doesn't match image D:\Sheffield Hallam University\Year 2\Game Deb\Game-Practice-Hub\Game Practice Hub\Library\ScriptAssemblies\Unity.Services.Core.Editor.dll
Symbol file LoadedFromMemory is not a mono symbol file
Symbol file data-00000296A2E92E10 doesn't match image D:\Sheffield Hallam University\Year 2\Game Deb\Game-Practice-Hub\Game Practice Hub\Library\ScriptAssemblies\Unity.VSCode.Editor.dll
Symbol file LoadedFromMemory is not a mono symbol file
Symbol file data-00000296A8D78020 doesn't match image D:\Sheffield Hallam University\Year 2\Game Deb\Game-Practice-Hub\Game Practice Hub\Library\ScriptAssemblies\Unity.TextMeshPro.Editor.dll
Symbol file LoadedFromMemory is not a mono symbol file
Symbol file data-00000296A92088F0 doesn't match image D:\Sheffield Hallam University\Year 2\Game Deb\Game-Practice-Hub\Game Practice Hub\Library\ScriptAssemblies\Unity.VisualStudio.Editor.dll
Symbol file LoadedFromMemory is not a mono symbol file
Symbol file data-00000296A7B57010 doesn't match image D:\Sheffield Hallam University\Year 2\Game Deb\Game-Practice-Hub\Game Practice Hub\Library\ScriptAssemblies\UnityEngine.TestRunner.dll
Symbol file LoadedFromMemory is not a mono symbol file
Symbol file data-00000296AA97A8F0 doesn't match image D:\Sheffield Hallam University\Year 2\Game Deb\Game-Practice-Hub\Game Practice Hub\Library\ScriptAssemblies\Unity.Timeline.Editor.dll
Symbol file LoadedFromMemory is not a mono symbol file
Symbol file data-00000296A8197010 doesn't match image D:\Sheffield Hallam University\Year 2\Game Deb\Game-Practice-Hub\Game Practice Hub\Library\ScriptAssemblies\Unity.Timeline.dll
Symbol file LoadedFromMemory is not a mono symbol file
Symbol file data-00000296A2B08040 doesn't match image D:\Sheffield Hallam University\Year 2\Game Deb\Game-Practice-Hub\Game Practice Hub\Library\ScriptAssemblies\Unity.TextMeshPro.dll
Symbol file LoadedFromMemory is not a mono symbol file
Symbol file data-00000296A7B57010 doesn't match image D:\Sheffield Hallam University\Year 2\Game Deb\Game-Practice-Hub\Game Practice Hub\Library\ScriptAssemblies\Unity.CollabProxy.Editor.dll
Symbol file LoadedFromMemory is not a mono symbol file
Symbol file data-00000296A30B9030 doesn't match image D:\Sheffield Hallam University\Year 2\Game Deb\Game-Practice-Hub\Game Practice Hub\Library\ScriptAssemblies\UnityEditor.TestRunner.dll
Symbol file LoadedFromMemory is not a mono symbol file
Symbol file data-00000296A2D6AE60 doesn't match image D:\Sheffield Hallam University\Year 2\Game Deb\Game-Practice-Hub\Game Practice Hub\Library\ScriptAssemblies\Unity.PlasticSCM.Editor.dll
Symbol file LoadedFromMemory is not a mono symbol file
Symbol file data-00000296ABC22010 doesn't match image D:\Sheffield Hallam University\Year 2\Game Deb\Game-Practice-Hub\Game Practice Hub\Library\ScriptAssemblies\Unity.Rider.Editor.dll
Symbol file LoadedFromMemory is not a mono symbol file
Native extension for WindowsStandalone target not found
Refreshing native plugins compatible for Editor in 0.45 ms, found 2 plugins.
Preloading 0 native plugins for Editor in 0.00 ms.
Mono: successfully reloaded assembly
- Completed reload, in  1.593 seconds
Platform modules already initialized, skipping
Refreshing native plugins compatible for Editor in 0.57 ms, found 2 plugins.
Preloading 0 native plugins for Editor in 0.00 ms.
Unloading 1500 Unused Serialized files (Serialized files now loaded: 0)
System memory in use before: 77.1 MB.
System memory in use after: 77.2 MB.

Unloading 14 unused Assets to reduce memory usage. Loaded Objects now: 1999.
Total: 3.054300 ms (FindLiveObjects: 0.209800 ms CreateObjectMapping: 0.088900 ms MarkObjects: 2.725400 ms  DeleteObjects: 0.028400 ms)

========================================================================
Received Prepare
Registering precompiled user dll's ...
Registered in 0.004480 seconds.
Begin MonoManager ReloadAssembly
Symbol file data-00000296ABC22010 doesn't match image D:\Sheffield Hallam University\Year 2\Game Deb\Game-Practice-Hub\Game Practice Hub\Library\ScriptAssemblies\Unity.Services.Core.Editor.dll
Symbol file LoadedFromMemory is not a mono symbol file
Symbol file data-00000296AAFDCCF0 doesn't match image D:\Sheffield Hallam University\Year 2\Game Deb\Game-Practice-Hub\Game Practice Hub\Library\ScriptAssemblies\Unity.VSCode.Editor.dll
Symbol file LoadedFromMemory is not a mono symbol file
Symbol file data-00000296AC218020 doesn't match image D:\Sheffield Hallam University\Year 2\Game Deb\Game-Practice-Hub\Game Practice Hub\Library\ScriptAssemblies\Unity.TextMeshPro.Editor.dll
Symbol file LoadedFromMemory is not a mono symbol file
Symbol file data-00000296AABD4010 doesn't match image D:\Sheffield Hallam University\Year 2\Game Deb\Game-Practice-Hub\Game Practice Hub\Library\ScriptAssemblies\Unity.VisualStudio.Editor.dll
Symbol file LoadedFromMemory is not a mono symbol file
Symbol file data-00000296A371FC60 doesn't match image D:\Sheffield Hallam University\Year 2\Game Deb\Game-Practice-Hub\Game Practice Hub\Library\ScriptAssemblies\UnityEngine.TestRunner.dll
Symbol file LoadedFromMemory is not a mono symbol file
Symbol file data-00000296AACDE010 doesn't match image D:\Sheffield Hallam University\Year 2\Game Deb\Game-Practice-Hub\Game Practice Hub\Library\ScriptAssemblies\Unity.Timeline.Editor.dll
Symbol file LoadedFromMemory is not a mono symbol file
Symbol file data-00000296AA830020 doesn't match image D:\Sheffield Hallam University\Year 2\Game Deb\Game-Practice-Hub\Game Practice Hub\Library\ScriptAssemblies\Unity.Timeline.dll
Symbol file LoadedFromMemory is not a mono symbol file
Symbol file data-00000296A2B08040 doesn't match image D:\Sheffield Hallam University\Year 2\Game Deb\Game-Practice-Hub\Game Practice Hub\Library\ScriptAssemblies\Unity.TextMeshPro.dll
Symbol file LoadedFromMemory is not a mono symbol file
Symbol file data-00000296A371FC60 doesn't match image D:\Sheffield Hallam University\Year 2\Game Deb\Game-Practice-Hub\Game Practice Hub\Library\ScriptAssemblies\Unity.CollabProxy.Editor.dll
Symbol file LoadedFromMemory is not a mono symbol file
Symbol file data-00000296A30B9030 doesn't match image D:\Sheffield Hallam University\Year 2\Game Deb\Game-Practice-Hub\Game Practice Hub\Library\ScriptAssemblies\UnityEditor.TestRunner.dll
Symbol file LoadedFromMemory is not a mono symbol file
Symbol file data-00000296A2D6AE60 doesn't match image D:\Sheffield Hallam University\Year 2\Game Deb\Game-Practice-Hub\Game Practice Hub\Library\ScriptAssemblies\Unity.PlasticSCM.Editor.dll
Symbol file LoadedFromMemory is not a mono symbol file
Symbol file data-00000296A2E6BE40 doesn't match image D:\Sheffield Hallam University\Year 2\Game Deb\Game-Practice-Hub\Game Practice Hub\Library\ScriptAssemblies\Unity.Rider.Editor.dll
Symbol file LoadedFromMemory is not a mono symbol file
Native extension for WindowsStandalone target not found
Refreshing native plugins compatible for Editor in 0.46 ms, found 2 plugins.
Preloading 0 native plugins for Editor in 0.00 ms.
Mono: successfully reloaded assembly
- Completed reload, in  1.642 seconds
Platform modules already initialized, skipping
Refreshing native plugins compatible for Editor in 0.47 ms, found 2 plugins.
Preloading 0 native plugins for Editor in 0.00 ms.
Unloading 1500 Unused Serialized files (Serialized files now loaded: 0)
System memory in use before: 77.1 MB.
System memory in use after: 77.2 MB.

Unloading 14 unused Assets to reduce memory usage. Loaded Objects now: 2001.
Total: 5.820700 ms (FindLiveObjects: 0.419400 ms CreateObjectMapping: 0.271700 ms MarkObjects: 5.085700 ms  DeleteObjects: 0.041500 ms)

========================================================================
Received Import Request.
  Time since last request: 462.858960 seconds.
  path: Assets/Prefabs/Tank.prefab
  artifactKey: Guid(f198505f871231e43bb14fb1d915edb5) Importer(815301076,1909f56bfc062723c751e8b465ee728b)
Start importing Assets/Prefabs/Tank.prefab using Guid(f198505f871231e43bb14fb1d915edb5) Importer(815301076,1909f56bfc062723c751e8b465ee728b)  -> (artifact id: 'e220dbc1cb25a73db01e80333c6b04af') in 0.110355 seconds
  Import took 0.115368 seconds .

========================================================================
Received Prepare
Registering precompiled user dll's ...
Registered in 0.004452 seconds.
Begin MonoManager ReloadAssembly
Symbol file data-00000296A2C897A0 doesn't match image D:\Sheffield Hallam University\Year 2\Game Deb\Game-Practice-Hub\Game Practice Hub\Library\ScriptAssemblies\Unity.Services.Core.Editor.dll
Symbol file LoadedFromMemory is not a mono symbol file
Symbol file data-00000296AAD30030 doesn't match image D:\Sheffield Hallam University\Year 2\Game Deb\Game-Practice-Hub\Game Practice Hub\Library\ScriptAssemblies\Unity.VSCode.Editor.dll
Symbol file LoadedFromMemory is not a mono symbol file
Symbol file data-00000296A75B3030 doesn't match image D:\Sheffield Hallam University\Year 2\Game Deb\Game-Practice-Hub\Game Practice Hub\Library\ScriptAssemblies\Unity.TextMeshPro.Editor.dll
Symbol file LoadedFromMemory is not a mono symbol file
Symbol file data-00000296A92088F0 doesn't match image D:\Sheffield Hallam University\Year 2\Game Deb\Game-Practice-Hub\Game Practice Hub\Library\ScriptAssemblies\Unity.VisualStudio.Editor.dll
Symbol file LoadedFromMemory is not a mono symbol file
Symbol file data-00000296AAB50010 doesn't match image D:\Sheffield Hallam University\Year 2\Game Deb\Game-Practice-Hub\Game Practice Hub\Library\ScriptAssemblies\UnityEngine.TestRunner.dll
Symbol file LoadedFromMemory is not a mono symbol file
Symbol file data-00000296A8A6AEB0 doesn't match image D:\Sheffield Hallam University\Year 2\Game Deb\Game-Practice-Hub\Game Practice Hub\Library\ScriptAssemblies\Unity.Timeline.Editor.dll
Symbol file LoadedFromMemory is not a mono symbol file
Symbol file data-00000296AA830020 doesn't match image D:\Sheffield Hallam University\Year 2\Game Deb\Game-Practice-Hub\Game Practice Hub\Library\ScriptAssemblies\Unity.Timeline.dll
Symbol file LoadedFromMemory is not a mono symbol file
Symbol file data-00000296A303B590 doesn't match image D:\Sheffield Hallam University\Year 2\Game Deb\Game-Practice-Hub\Game Practice Hub\Library\ScriptAssemblies\Unity.TextMeshPro.dll
Symbol file LoadedFromMemory is not a mono symbol file
Symbol file data-00000296AAB50010 doesn't match image D:\Sheffield Hallam University\Year 2\Game Deb\Game-Practice-Hub\Game Practice Hub\Library\ScriptAssemblies\Unity.CollabProxy.Editor.dll
Symbol file LoadedFromMemory is not a mono symbol file
Symbol file data-00000296AAE55170 doesn't match image D:\Sheffield Hallam University\Year 2\Game Deb\Game-Practice-Hub\Game Practice Hub\Library\ScriptAssemblies\UnityEditor.TestRunner.dll
Symbol file LoadedFromMemory is not a mono symbol file
Symbol file data-00000296A2D6AE60 doesn't match image D:\Sheffield Hallam University\Year 2\Game Deb\Game-Practice-Hub\Game Practice Hub\Library\ScriptAssemblies\Unity.PlasticSCM.Editor.dll
Symbol file LoadedFromMemory is not a mono symbol file
Symbol file data-00000296A2C897A0 doesn't match image D:\Sheffield Hallam University\Year 2\Game Deb\Game-Practice-Hub\Game Practice Hub\Library\ScriptAssemblies\Unity.Rider.Editor.dll
Symbol file LoadedFromMemory is not a mono symbol file
Native extension for WindowsStandalone target not found
Refreshing native plugins compatible for Editor in 0.73 ms, found 2 plugins.
Preloading 0 native plugins for Editor in 0.00 ms.
Mono: successfully reloaded assembly
- Completed reload, in  1.659 seconds
Platform modules already initialized, skipping
Refreshing native plugins compatible for Editor in 0.55 ms, found 2 plugins.
Preloading 0 native plugins for Editor in 0.00 ms.
Unloading 1500 Unused Serialized files (Serialized files now loaded: 0)
System memory in use before: 77.1 MB.
System memory in use after: 77.2 MB.

Unloading 14 unused Assets to reduce memory usage. Loaded Objects now: 2004.
Total: 3.057000 ms (FindLiveObjects: 0.233700 ms CreateObjectMapping: 0.089100 ms MarkObjects: 2.708800 ms  DeleteObjects: 0.024100 ms)

========================================================================
Received Prepare
Registering precompiled user dll's ...
Registered in 0.006182 seconds.
Begin MonoManager ReloadAssembly
Symbol file data-00000296A7A61040 doesn't match image D:\Sheffield Hallam University\Year 2\Game Deb\Game-Practice-Hub\Game Practice Hub\Library\ScriptAssemblies\Unity.Services.Core.Editor.dll
Symbol file LoadedFromMemory is not a mono symbol file
Symbol file data-00000296AA978020 doesn't match image D:\Sheffield Hallam University\Year 2\Game Deb\Game-Practice-Hub\Game Practice Hub\Library\ScriptAssemblies\Unity.VSCode.Editor.dll
Symbol file LoadedFromMemory is not a mono symbol file
Symbol file data-00000296AF1AC010 doesn't match image D:\Sheffield Hallam University\Year 2\Game Deb\Game-Practice-Hub\Game Practice Hub\Library\ScriptAssemblies\Unity.TextMeshPro.Editor.dll
Symbol file LoadedFromMemory is not a mono symbol file
Symbol file data-00000296A92088F0 doesn't match image D:\Sheffield Hallam University\Year 2\Game Deb\Game-Practice-Hub\Game Practice Hub\Library\ScriptAssemblies\Unity.VisualStudio.Editor.dll
Symbol file LoadedFromMemory is not a mono symbol file
Symbol file data-00000296AA830020 doesn't match image D:\Sheffield Hallam University\Year 2\Game Deb\Game-Practice-Hub\Game Practice Hub\Library\ScriptAssemblies\UnityEngine.TestRunner.dll
Symbol file LoadedFromMemory is not a mono symbol file
Symbol file data-00000296AF549030 doesn't match image D:\Sheffield Hallam University\Year 2\Game Deb\Game-Practice-Hub\Game Practice Hub\Library\ScriptAssemblies\Unity.Timeline.Editor.dll
Symbol file LoadedFromMemory is not a mono symbol file
Symbol file data-00000296A88D3010 doesn't match image D:\Sheffield Hallam University\Year 2\Game Deb\Game-Practice-Hub\Game Practice Hub\Library\ScriptAssemblies\Unity.Timeline.dll
Symbol file LoadedFromMemory is not a mono symbol file
Symbol file data-00000296A2B08040 doesn't match image D:\Sheffield Hallam University\Year 2\Game Deb\Game-Practice-Hub\Game Practice Hub\Library\ScriptAssemblies\Unity.TextMeshPro.dll
Symbol file LoadedFromMemory is not a mono symbol file
Symbol file data-00000296AA830020 doesn't match image D:\Sheffield Hallam University\Year 2\Game Deb\Game-Practice-Hub\Game Practice Hub\Library\ScriptAssemblies\Unity.CollabProxy.Editor.dll
Symbol file LoadedFromMemory is not a mono symbol file
Symbol file data-00000296AAE55170 doesn't match image D:\Sheffield Hallam University\Year 2\Game Deb\Game-Practice-Hub\Game Practice Hub\Library\ScriptAssemblies\UnityEditor.TestRunner.dll
Symbol file LoadedFromMemory is not a mono symbol file
Symbol file data-00000296A2D6AE60 doesn't match image D:\Sheffield Hallam University\Year 2\Game Deb\Game-Practice-Hub\Game Practice Hub\Library\ScriptAssemblies\Unity.PlasticSCM.Editor.dll
Symbol file LoadedFromMemory is not a mono symbol file
Symbol file data-00000296A7A61040 doesn't match image D:\Sheffield Hallam University\Year 2\Game Deb\Game-Practice-Hub\Game Practice Hub\Library\ScriptAssemblies\Unity.Rider.Editor.dll
Symbol file LoadedFromMemory is not a mono symbol file
Native extension for WindowsStandalone target not found
Refreshing native plugins compatible for Editor in 0.46 ms, found 2 plugins.
Preloading 0 native plugins for Editor in 0.00 ms.
Mono: successfully reloaded assembly
- Completed reload, in  1.491 seconds
Platform modules already initialized, skipping
Refreshing native plugins compatible for Editor in 0.45 ms, found 2 plugins.
Preloading 0 native plugins for Editor in 0.00 ms.
Unloading 1500 Unused Serialized files (Serialized files now loaded: 0)
System memory in use before: 77.1 MB.
System memory in use after: 77.2 MB.

Unloading 14 unused Assets to reduce memory usage. Loaded Objects now: 2006.
Total: 3.274000 ms (FindLiveObjects: 0.214800 ms CreateObjectMapping: 0.064500 ms MarkObjects: 2.966600 ms  DeleteObjects: 0.026200 ms)

========================================================================
Received Prepare
Registering precompiled user dll's ...
Registered in 0.007921 seconds.
Begin MonoManager ReloadAssembly
Symbol file data-00000296A7A61040 doesn't match image D:\Sheffield Hallam University\Year 2\Game Deb\Game-Practice-Hub\Game Practice Hub\Library\ScriptAssemblies\Unity.Services.Core.Editor.dll
Symbol file LoadedFromMemory is not a mono symbol file
Symbol file data-00000296AAD30030 doesn't match image D:\Sheffield Hallam University\Year 2\Game Deb\Game-Practice-Hub\Game Practice Hub\Library\ScriptAssemblies\Unity.VSCode.Editor.dll
Symbol file LoadedFromMemory is not a mono symbol file
Symbol file data-00000296AF2FB010 doesn't match image D:\Sheffield Hallam University\Year 2\Game Deb\Game-Practice-Hub\Game Practice Hub\Library\ScriptAssemblies\Unity.TextMeshPro.Editor.dll
Symbol file LoadedFromMemory is not a mono symbol file
Symbol file data-00000296A92088F0 doesn't match image D:\Sheffield Hallam University\Year 2\Game Deb\Game-Practice-Hub\Game Practice Hub\Library\ScriptAssemblies\Unity.VisualStudio.Editor.dll
Symbol file LoadedFromMemory is not a mono symbol file
Symbol file data-00000296AAB50010 doesn't match image D:\Sheffield Hallam University\Year 2\Game Deb\Game-Practice-Hub\Game Practice Hub\Library\ScriptAssemblies\UnityEngine.TestRunner.dll
Symbol file LoadedFromMemory is not a mono symbol file
Symbol file data-00000296AF5CD020 doesn't match image D:\Sheffield Hallam University\Year 2\Game Deb\Game-Practice-Hub\Game Practice Hub\Library\ScriptAssemblies\Unity.Timeline.Editor.dll
Symbol file LoadedFromMemory is not a mono symbol file
Symbol file data-00000296A88D3010 doesn't match image D:\Sheffield Hallam University\Year 2\Game Deb\Game-Practice-Hub\Game Practice Hub\Library\ScriptAssemblies\Unity.Timeline.dll
Symbol file LoadedFromMemory is not a mono symbol file
Symbol file data-00000296A2B08040 doesn't match image D:\Sheffield Hallam University\Year 2\Game Deb\Game-Practice-Hub\Game Practice Hub\Library\ScriptAssemblies\Unity.TextMeshPro.dll
Symbol file LoadedFromMemory is not a mono symbol file
Symbol file data-00000296AAB50010 doesn't match image D:\Sheffield Hallam University\Year 2\Game Deb\Game-Practice-Hub\Game Practice Hub\Library\ScriptAssemblies\Unity.CollabProxy.Editor.dll
Symbol file LoadedFromMemory is not a mono symbol file
Symbol file data-00000296AAE55170 doesn't match image D:\Sheffield Hallam University\Year 2\Game Deb\Game-Practice-Hub\Game Practice Hub\Library\ScriptAssemblies\UnityEditor.TestRunner.dll
Symbol file LoadedFromMemory is not a mono symbol file
Symbol file data-00000296A2D6AE60 doesn't match image D:\Sheffield Hallam University\Year 2\Game Deb\Game-Practice-Hub\Game Practice Hub\Library\ScriptAssemblies\Unity.PlasticSCM.Editor.dll
Symbol file LoadedFromMemory is not a mono symbol file
Symbol file data-00000296A7A61040 doesn't match image D:\Sheffield Hallam University\Year 2\Game Deb\Game-Practice-Hub\Game Practice Hub\Library\ScriptAssemblies\Unity.Rider.Editor.dll
Symbol file LoadedFromMemory is not a mono symbol file
Native extension for WindowsStandalone target not found
Refreshing native plugins compatible for Editor in 0.46 ms, found 2 plugins.
Preloading 0 native plugins for Editor in 0.00 ms.
Mono: successfully reloaded assembly
- Completed reload, in  1.710 seconds
Platform modules already initialized, skipping
Refreshing native plugins compatible for Editor in 0.81 ms, found 2 plugins.
Preloading 0 native plugins for Editor in 0.00 ms.
Unloading 1500 Unused Serialized files (Serialized files now loaded: 0)
System memory in use before: 77.1 MB.
System memory in use after: 77.2 MB.

Unloading 14 unused Assets to reduce memory usage. Loaded Objects now: 2008.
Total: 2.670000 ms (FindLiveObjects: 0.285200 ms CreateObjectMapping: 0.080400 ms MarkObjects: 2.276200 ms  DeleteObjects: 0.026500 ms)

========================================================================
Received Prepare
Registering precompiled user dll's ...
Registered in 0.004460 seconds.
Begin MonoManager ReloadAssembly
Symbol file data-00000296A8A64020 doesn't match image D:\Sheffield Hallam University\Year 2\Game Deb\Game-Practice-Hub\Game Practice Hub\Library\ScriptAssemblies\Unity.Services.Core.Editor.dll
Symbol file LoadedFromMemory is not a mono symbol file
Symbol file data-00000296AAD30030 doesn't match image D:\Sheffield Hallam University\Year 2\Game Deb\Game-Practice-Hub\Game Practice Hub\Library\ScriptAssemblies\Unity.VSCode.Editor.dll
Symbol file LoadedFromMemory is not a mono symbol file
Symbol file data-00000296AF81F010 doesn't match image D:\Sheffield Hallam University\Year 2\Game Deb\Game-Practice-Hub\Game Practice Hub\Library\ScriptAssemblies\Unity.TextMeshPro.Editor.dll
Symbol file LoadedFromMemory is not a mono symbol file
Symbol file data-00000296A92088F0 doesn't match image D:\Sheffield Hallam University\Year 2\Game Deb\Game-Practice-Hub\Game Practice Hub\Library\ScriptAssemblies\Unity.VisualStudio.Editor.dll
Symbol file LoadedFromMemory is not a mono symbol file
Symbol file data-00000296A7B57010 doesn't match image D:\Sheffield Hallam University\Year 2\Game Deb\Game-Practice-Hub\Game Practice Hub\Library\ScriptAssemblies\UnityEngine.TestRunner.dll
Symbol file LoadedFromMemory is not a mono symbol file
Symbol file data-00000296AF5CD020 doesn't match image D:\Sheffield Hallam University\Year 2\Game Deb\Game-Practice-Hub\Game Practice Hub\Library\ScriptAssemblies\Unity.Timeline.Editor.dll
Symbol file LoadedFromMemory is not a mono symbol file
Symbol file data-00000296A88D3010 doesn't match image D:\Sheffield Hallam University\Year 2\Game Deb\Game-Practice-Hub\Game Practice Hub\Library\ScriptAssemblies\Unity.Timeline.dll
Symbol file LoadedFromMemory is not a mono symbol file
Symbol file data-00000296A2B08040 doesn't match image D:\Sheffield Hallam University\Year 2\Game Deb\Game-Practice-Hub\Game Practice Hub\Library\ScriptAssemblies\Unity.TextMeshPro.dll
Symbol file LoadedFromMemory is not a mono symbol file
Symbol file data-00000296A7B57010 doesn't match image D:\Sheffield Hallam University\Year 2\Game Deb\Game-Practice-Hub\Game Practice Hub\Library\ScriptAssemblies\Unity.CollabProxy.Editor.dll
Symbol file LoadedFromMemory is not a mono symbol file
Symbol file data-00000296AAE55170 doesn't match image D:\Sheffield Hallam University\Year 2\Game Deb\Game-Practice-Hub\Game Practice Hub\Library\ScriptAssemblies\UnityEditor.TestRunner.dll
Symbol file LoadedFromMemory is not a mono symbol file
Symbol file data-00000296A2D6AE60 doesn't match image D:\Sheffield Hallam University\Year 2\Game Deb\Game-Practice-Hub\Game Practice Hub\Library\ScriptAssemblies\Unity.PlasticSCM.Editor.dll
Symbol file LoadedFromMemory is not a mono symbol file
Symbol file data-00000296A8A64020 doesn't match image D:\Sheffield Hallam University\Year 2\Game Deb\Game-Practice-Hub\Game Practice Hub\Library\ScriptAssemblies\Unity.Rider.Editor.dll
Symbol file LoadedFromMemory is not a mono symbol file
Native extension for WindowsStandalone target not found
Refreshing native plugins compatible for Editor in 0.46 ms, found 2 plugins.
Preloading 0 native plugins for Editor in 0.00 ms.
Mono: successfully reloaded assembly
- Completed reload, in  1.597 seconds
Platform modules already initialized, skipping
Refreshing native plugins compatible for Editor in 0.45 ms, found 2 plugins.
Preloading 0 native plugins for Editor in 0.00 ms.
Unloading 1500 Unused Serialized files (Serialized files now loaded: 0)
System memory in use before: 77.1 MB.
System memory in use after: 77.2 MB.

Unloading 14 unused Assets to reduce memory usage. Loaded Objects now: 2010.
Total: 2.657300 ms (FindLiveObjects: 0.217800 ms CreateObjectMapping: 0.069600 ms MarkObjects: 2.343400 ms  DeleteObjects: 0.025500 ms)

========================================================================
Received Prepare
Registering precompiled user dll's ...
Registered in 0.004345 seconds.
Begin MonoManager ReloadAssembly
Symbol file data-00000296A2C897A0 doesn't match image D:\Sheffield Hallam University\Year 2\Game Deb\Game-Practice-Hub\Game Practice Hub\Library\ScriptAssemblies\Unity.Services.Core.Editor.dll
Symbol file LoadedFromMemory is not a mono symbol file
Symbol file data-00000296AA978020 doesn't match image D:\Sheffield Hallam University\Year 2\Game Deb\Game-Practice-Hub\Game Practice Hub\Library\ScriptAssemblies\Unity.VSCode.Editor.dll
Symbol file LoadedFromMemory is not a mono symbol file
Symbol file data-00000296AF57B020 doesn't match image D:\Sheffield Hallam University\Year 2\Game Deb\Game-Practice-Hub\Game Practice Hub\Library\ScriptAssemblies\Unity.TextMeshPro.Editor.dll
Symbol file LoadedFromMemory is not a mono symbol file
Symbol file data-00000296A92088F0 doesn't match image D:\Sheffield Hallam University\Year 2\Game Deb\Game-Practice-Hub\Game Practice Hub\Library\ScriptAssemblies\Unity.VisualStudio.Editor.dll
Symbol file LoadedFromMemory is not a mono symbol file
Symbol file data-00000296AB3B1040 doesn't match image D:\Sheffield Hallam University\Year 2\Game Deb\Game-Practice-Hub\Game Practice Hub\Library\ScriptAssemblies\UnityEngine.TestRunner.dll
Symbol file LoadedFromMemory is not a mono symbol file
Symbol file data-00000296A2F0F050 doesn't match image D:\Sheffield Hallam University\Year 2\Game Deb\Game-Practice-Hub\Game Practice Hub\Library\ScriptAssemblies\Unity.Timeline.Editor.dll
Symbol file LoadedFromMemory is not a mono symbol file
Symbol file data-00000296A88D3010 doesn't match image D:\Sheffield Hallam University\Year 2\Game Deb\Game-Practice-Hub\Game Practice Hub\Library\ScriptAssemblies\Unity.Timeline.dll
Symbol file LoadedFromMemory is not a mono symbol file
Symbol file data-00000296A2B08040 doesn't match image D:\Sheffield Hallam University\Year 2\Game Deb\Game-Practice-Hub\Game Practice Hub\Library\ScriptAssemblies\Unity.TextMeshPro.dll
Symbol file LoadedFromMemory is not a mono symbol file
Symbol file data-00000296AB3B1040 doesn't match image D:\Sheffield Hallam University\Year 2\Game Deb\Game-Practice-Hub\Game Practice Hub\Library\ScriptAssemblies\Unity.CollabProxy.Editor.dll
Symbol file LoadedFromMemory is not a mono symbol file
Symbol file data-00000296AAE55170 doesn't match image D:\Sheffield Hallam University\Year 2\Game Deb\Game-Practice-Hub\Game Practice Hub\Library\ScriptAssemblies\UnityEditor.TestRunner.dll
Symbol file LoadedFromMemory is not a mono symbol file
Symbol file data-00000296A2D6AE60 doesn't match image D:\Sheffield Hallam University\Year 2\Game Deb\Game-Practice-Hub\Game Practice Hub\Library\ScriptAssemblies\Unity.PlasticSCM.Editor.dll
Symbol file LoadedFromMemory is not a mono symbol file
Symbol file data-00000296A2C897A0 doesn't match image D:\Sheffield Hallam University\Year 2\Game Deb\Game-Practice-Hub\Game Practice Hub\Library\ScriptAssemblies\Unity.Rider.Editor.dll
Symbol file LoadedFromMemory is not a mono symbol file
Native extension for WindowsStandalone target not found
Refreshing native plugins compatible for Editor in 0.45 ms, found 2 plugins.
Preloading 0 native plugins for Editor in 0.00 ms.
Mono: successfully reloaded assembly
- Completed reload, in  1.547 seconds
Platform modules already initialized, skipping
Refreshing native plugins compatible for Editor in 0.48 ms, found 2 plugins.
Preloading 0 native plugins for Editor in 0.00 ms.
Unloading 1500 Unused Serialized files (Serialized files now loaded: 0)
System memory in use before: 77.1 MB.
System memory in use after: 77.2 MB.

Unloading 14 unused Assets to reduce memory usage. Loaded Objects now: 2012.
Total: 2.712500 ms (FindLiveObjects: 0.206300 ms CreateObjectMapping: 0.067600 ms MarkObjects: 2.413200 ms  DeleteObjects: 0.024000 ms)

========================================================================
Received Prepare
Registering precompiled user dll's ...
Registered in 0.004501 seconds.
Begin MonoManager ReloadAssembly
Symbol file data-00000296AAD183E0 doesn't match image D:\Sheffield Hallam University\Year 2\Game Deb\Game-Practice-Hub\Game Practice Hub\Library\ScriptAssemblies\Unity.Services.Core.Editor.dll
Symbol file LoadedFromMemory is not a mono symbol file
Symbol file data-00000296AA978020 doesn't match image D:\Sheffield Hallam University\Year 2\Game Deb\Game-Practice-Hub\Game Practice Hub\Library\ScriptAssemblies\Unity.VSCode.Editor.dll
Symbol file LoadedFromMemory is not a mono symbol file
Symbol file data-00000296AF9E1010 doesn't match image D:\Sheffield Hallam University\Year 2\Game Deb\Game-Practice-Hub\Game Practice Hub\Library\ScriptAssemblies\Unity.TextMeshPro.Editor.dll
Symbol file LoadedFromMemory is not a mono symbol file
Symbol file data-00000296A92088F0 doesn't match image D:\Sheffield Hallam University\Year 2\Game Deb\Game-Practice-Hub\Game Practice Hub\Library\ScriptAssemblies\Unity.VisualStudio.Editor.dll
Symbol file LoadedFromMemory is not a mono symbol file
Symbol file data-00000296AF87F050 doesn't match image D:\Sheffield Hallam University\Year 2\Game Deb\Game-Practice-Hub\Game Practice Hub\Library\ScriptAssemblies\UnityEngine.TestRunner.dll
Symbol file LoadedFromMemory is not a mono symbol file
Symbol file data-00000296AA8F4030 doesn't match image D:\Sheffield Hallam University\Year 2\Game Deb\Game-Practice-Hub\Game Practice Hub\Library\ScriptAssemblies\Unity.Timeline.Editor.dll
Symbol file LoadedFromMemory is not a mono symbol file
Symbol file data-00000296A8A7C010 doesn't match image D:\Sheffield Hallam University\Year 2\Game Deb\Game-Practice-Hub\Game Practice Hub\Library\ScriptAssemblies\Unity.Timeline.dll
Symbol file LoadedFromMemory is not a mono symbol file
Symbol file data-00000296A2B08040 doesn't match image D:\Sheffield Hallam University\Year 2\Game Deb\Game-Practice-Hub\Game Practice Hub\Library\ScriptAssemblies\Unity.TextMeshPro.dll
Symbol file LoadedFromMemory is not a mono symbol file
Symbol file data-00000296AF87F050 doesn't match image D:\Sheffield Hallam University\Year 2\Game Deb\Game-Practice-Hub\Game Practice Hub\Library\ScriptAssemblies\Unity.CollabProxy.Editor.dll
Symbol file LoadedFromMemory is not a mono symbol file
Symbol file data-00000296AAE55170 doesn't match image D:\Sheffield Hallam University\Year 2\Game Deb\Game-Practice-Hub\Game Practice Hub\Library\ScriptAssemblies\UnityEditor.TestRunner.dll
Symbol file LoadedFromMemory is not a mono symbol file
Symbol file data-00000296A7440080 doesn't match image D:\Sheffield Hallam University\Year 2\Game Deb\Game-Practice-Hub\Game Practice Hub\Library\ScriptAssemblies\Unity.PlasticSCM.Editor.dll
Symbol file LoadedFromMemory is not a mono symbol file
Symbol file data-00000296AAD183E0 doesn't match image D:\Sheffield Hallam University\Year 2\Game Deb\Game-Practice-Hub\Game Practice Hub\Library\ScriptAssemblies\Unity.Rider.Editor.dll
Symbol file LoadedFromMemory is not a mono symbol file
Native extension for WindowsStandalone target not found
Refreshing native plugins compatible for Editor in 0.49 ms, found 2 plugins.
Preloading 0 native plugins for Editor in 0.00 ms.
Mono: successfully reloaded assembly
- Completed reload, in  1.610 seconds
Platform modules already initialized, skipping
Refreshing native plugins compatible for Editor in 0.46 ms, found 2 plugins.
Preloading 0 native plugins for Editor in 0.00 ms.
Unloading 1500 Unused Serialized files (Serialized files now loaded: 0)
System memory in use before: 77.1 MB.
System memory in use after: 77.2 MB.

Unloading 14 unused Assets to reduce memory usage. Loaded Objects now: 2014.
Total: 2.992000 ms (FindLiveObjects: 0.206500 ms CreateObjectMapping: 0.066000 ms MarkObjects: 2.687700 ms  DeleteObjects: 0.030400 ms)

========================================================================
Received Prepare
Registering precompiled user dll's ...
Registered in 0.004495 seconds.
Begin MonoManager ReloadAssembly
Symbol file data-00000296A7A61040 doesn't match image D:\Sheffield Hallam University\Year 2\Game Deb\Game-Practice-Hub\Game Practice Hub\Library\ScriptAssemblies\Unity.Services.Core.Editor.dll
Symbol file LoadedFromMemory is not a mono symbol file
Symbol file data-00000296ABCD8E40 doesn't match image D:\Sheffield Hallam University\Year 2\Game Deb\Game-Practice-Hub\Game Practice Hub\Library\ScriptAssemblies\Unity.VSCode.Editor.dll
Symbol file LoadedFromMemory is not a mono symbol file
Symbol file data-00000296AF5ED050 doesn't match image D:\Sheffield Hallam University\Year 2\Game Deb\Game-Practice-Hub\Game Practice Hub\Library\ScriptAssemblies\Unity.TextMeshPro.Editor.dll
Symbol file LoadedFromMemory is not a mono symbol file
Symbol file data-00000296A92088F0 doesn't match image D:\Sheffield Hallam University\Year 2\Game Deb\Game-Practice-Hub\Game Practice Hub\Library\ScriptAssemblies\Unity.VisualStudio.Editor.dll
Symbol file LoadedFromMemory is not a mono symbol file
Symbol file data-00000296AB3B1040 doesn't match image D:\Sheffield Hallam University\Year 2\Game Deb\Game-Practice-Hub\Game Practice Hub\Library\ScriptAssemblies\UnityEngine.TestRunner.dll
Symbol file LoadedFromMemory is not a mono symbol file
Symbol file data-00000296A2F0F050 doesn't match image D:\Sheffield Hallam University\Year 2\Game Deb\Game-Practice-Hub\Game Practice Hub\Library\ScriptAssemblies\Unity.Timeline.Editor.dll
Symbol file LoadedFromMemory is not a mono symbol file
Symbol file data-00000296A8A7C010 doesn't match image D:\Sheffield Hallam University\Year 2\Game Deb\Game-Practice-Hub\Game Practice Hub\Library\ScriptAssemblies\Unity.Timeline.dll
Symbol file LoadedFromMemory is not a mono symbol file
Symbol file data-00000296A2B08040 doesn't match image D:\Sheffield Hallam University\Year 2\Game Deb\Game-Practice-Hub\Game Practice Hub\Library\ScriptAssemblies\Unity.TextMeshPro.dll
Symbol file LoadedFromMemory is not a mono symbol file
Symbol file data-00000296AB3B1040 doesn't match image D:\Sheffield Hallam University\Year 2\Game Deb\Game-Practice-Hub\Game Practice Hub\Library\ScriptAssemblies\Unity.CollabProxy.Editor.dll
Symbol file LoadedFromMemory is not a mono symbol file
Symbol file data-00000296AAE55170 doesn't match image D:\Sheffield Hallam University\Year 2\Game Deb\Game-Practice-Hub\Game Practice Hub\Library\ScriptAssemblies\UnityEditor.TestRunner.dll
Symbol file LoadedFromMemory is not a mono symbol file
Symbol file data-00000296A7440080 doesn't match image D:\Sheffield Hallam University\Year 2\Game Deb\Game-Practice-Hub\Game Practice Hub\Library\ScriptAssemblies\Unity.PlasticSCM.Editor.dll
Symbol file LoadedFromMemory is not a mono symbol file
Symbol file data-00000296A7A61040 doesn't match image D:\Sheffield Hallam University\Year 2\Game Deb\Game-Practice-Hub\Game Practice Hub\Library\ScriptAssemblies\Unity.Rider.Editor.dll
Symbol file LoadedFromMemory is not a mono symbol file
Native extension for WindowsStandalone target not found
Refreshing native plugins compatible for Editor in 0.46 ms, found 2 plugins.
Preloading 0 native plugins for Editor in 0.00 ms.
Mono: successfully reloaded assembly
- Completed reload, in  1.494 seconds
Platform modules already initialized, skipping
Refreshing native plugins compatible for Editor in 0.44 ms, found 2 plugins.
Preloading 0 native plugins for Editor in 0.00 ms.
Unloading 1500 Unused Serialized files (Serialized files now loaded: 0)
System memory in use before: 77.1 MB.
System memory in use after: 77.2 MB.

Unloading 14 unused Assets to reduce memory usage. Loaded Objects now: 2016.
Total: 3.073200 ms (FindLiveObjects: 0.211500 ms CreateObjectMapping: 0.066400 ms MarkObjects: 2.769800 ms  DeleteObjects: 0.024300 ms)

========================================================================
Received Import Request.
  Time since last request: 507.167298 seconds.
  path: Assets/Prefabs/Tank.prefab
  artifactKey: Guid(f198505f871231e43bb14fb1d915edb5) Importer(815301076,1909f56bfc062723c751e8b465ee728b)
Start importing Assets/Prefabs/Tank.prefab using Guid(f198505f871231e43bb14fb1d915edb5) Importer(815301076,1909f56bfc062723c751e8b465ee728b)  -> (artifact id: '4ecc14a4f103c3913a3f1f6e6f836d43') in 0.104993 seconds
  Import took 0.108745 seconds .

========================================================================
Received Prepare
Registering precompiled user dll's ...
Registered in 0.006715 seconds.
Begin MonoManager ReloadAssembly
Symbol file data-00000296A8E5AA30 doesn't match image D:\Sheffield Hallam University\Year 2\Game Deb\Game-Practice-Hub\Game Practice Hub\Library\ScriptAssemblies\Unity.Services.Core.Editor.dll
Symbol file LoadedFromMemory is not a mono symbol file
Symbol file data-00000296AA978020 doesn't match image D:\Sheffield Hallam University\Year 2\Game Deb\Game-Practice-Hub\Game Practice Hub\Library\ScriptAssemblies\Unity.VSCode.Editor.dll
Symbol file LoadedFromMemory is not a mono symbol file
Symbol file data-00000296AF5ED050 doesn't match image D:\Sheffield Hallam University\Year 2\Game Deb\Game-Practice-Hub\Game Practice Hub\Library\ScriptAssemblies\Unity.TextMeshPro.Editor.dll
Symbol file LoadedFromMemory is not a mono symbol file
Symbol file data-00000296A92088F0 doesn't match image D:\Sheffield Hallam University\Year 2\Game Deb\Game-Practice-Hub\Game Practice Hub\Library\ScriptAssemblies\Unity.VisualStudio.Editor.dll
Symbol file LoadedFromMemory is not a mono symbol file
Symbol file data-00000296AAFD4010 doesn't match image D:\Sheffield Hallam University\Year 2\Game Deb\Game-Practice-Hub\Game Practice Hub\Library\ScriptAssemblies\UnityEngine.TestRunner.dll
Symbol file LoadedFromMemory is not a mono symbol file
Symbol file data-00000296A2F0F050 doesn't match image D:\Sheffield Hallam University\Year 2\Game Deb\Game-Practice-Hub\Game Practice Hub\Library\ScriptAssemblies\Unity.Timeline.Editor.dll
Symbol file LoadedFromMemory is not a mono symbol file
Symbol file data-00000296ABC3B010 doesn't match image D:\Sheffield Hallam University\Year 2\Game Deb\Game-Practice-Hub\Game Practice Hub\Library\ScriptAssemblies\Unity.Timeline.dll
Symbol file LoadedFromMemory is not a mono symbol file
Symbol file data-00000296A2B08040 doesn't match image D:\Sheffield Hallam University\Year 2\Game Deb\Game-Practice-Hub\Game Practice Hub\Library\ScriptAssemblies\Unity.TextMeshPro.dll
Symbol file LoadedFromMemory is not a mono symbol file
Symbol file data-00000296AAFD4010 doesn't match image D:\Sheffield Hallam University\Year 2\Game Deb\Game-Practice-Hub\Game Practice Hub\Library\ScriptAssemblies\Unity.CollabProxy.Editor.dll
Symbol file LoadedFromMemory is not a mono symbol file
Symbol file data-00000296AAE55170 doesn't match image D:\Sheffield Hallam University\Year 2\Game Deb\Game-Practice-Hub\Game Practice Hub\Library\ScriptAssemblies\UnityEditor.TestRunner.dll
Symbol file LoadedFromMemory is not a mono symbol file
Symbol file data-00000296A7440080 doesn't match image D:\Sheffield Hallam University\Year 2\Game Deb\Game-Practice-Hub\Game Practice Hub\Library\ScriptAssemblies\Unity.PlasticSCM.Editor.dll
Symbol file LoadedFromMemory is not a mono symbol file
Symbol file data-00000296A8E5AA30 doesn't match image D:\Sheffield Hallam University\Year 2\Game Deb\Game-Practice-Hub\Game Practice Hub\Library\ScriptAssemblies\Unity.Rider.Editor.dll
Symbol file LoadedFromMemory is not a mono symbol file
Native extension for WindowsStandalone target not found
Refreshing native plugins compatible for Editor in 1.15 ms, found 2 plugins.
Preloading 0 native plugins for Editor in 0.00 ms.
Mono: successfully reloaded assembly
- Completed reload, in  2.438 seconds
Platform modules already initialized, skipping
Refreshing native plugins compatible for Editor in 0.50 ms, found 2 plugins.
Preloading 0 native plugins for Editor in 0.00 ms.
Unloading 1500 Unused Serialized files (Serialized files now loaded: 0)
System memory in use before: 77.1 MB.
System memory in use after: 77.2 MB.

Unloading 14 unused Assets to reduce memory usage. Loaded Objects now: 2019.
Total: 5.136000 ms (FindLiveObjects: 0.441600 ms CreateObjectMapping: 0.328900 ms MarkObjects: 4.324900 ms  DeleteObjects: 0.034200 ms)

========================================================================
Received Import Request.
  Time since last request: 60.620943 seconds.
  path: Assets/Prefabs/Sphere.prefab
  artifactKey: Guid(b981cca99dd01d247ba4e9565c7aa72e) Importer(815301076,1909f56bfc062723c751e8b465ee728b)
Start importing Assets/Prefabs/Sphere.prefab using Guid(b981cca99dd01d247ba4e9565c7aa72e) Importer(815301076,1909f56bfc062723c751e8b465ee728b)  -> (artifact id: 'ce7ebc7242ddcdc970d28efc05de1c62') in 0.085456 seconds
  Import took 0.089404 seconds .

========================================================================
Received Import Request.
  Time since last request: 4.219232 seconds.
  path: Assets/Prefabs/Sphere.prefab
  artifactKey: Guid(b981cca99dd01d247ba4e9565c7aa72e) Importer(815301076,1909f56bfc062723c751e8b465ee728b)
Start importing Assets/Prefabs/Sphere.prefab using Guid(b981cca99dd01d247ba4e9565c7aa72e) Importer(815301076,1909f56bfc062723c751e8b465ee728b)  -> (artifact id: '020eca31ae4b588630a9374352881275') in 0.012270 seconds
  Import took 0.016807 seconds .

========================================================================
Received Import Request.
  Time since last request: 0.033891 seconds.
  path: Assets/Prefabs/Sphere.prefab
  artifactKey: Guid(b981cca99dd01d247ba4e9565c7aa72e) Importer(815301076,1909f56bfc062723c751e8b465ee728b)
Start importing Assets/Prefabs/Sphere.prefab using Guid(b981cca99dd01d247ba4e9565c7aa72e) Importer(815301076,1909f56bfc062723c751e8b465ee728b)  -> (artifact id: '020eca31ae4b588630a9374352881275') in 0.013141 seconds
  Import took 0.017583 seconds .

========================================================================
Received Import Request.
  Time since last request: 3.663945 seconds.
  path: Assets/Prefabs/Sphere.prefab
  artifactKey: Guid(b981cca99dd01d247ba4e9565c7aa72e) Importer(815301076,1909f56bfc062723c751e8b465ee728b)
Start importing Assets/Prefabs/Sphere.prefab using Guid(b981cca99dd01d247ba4e9565c7aa72e) Importer(815301076,1909f56bfc062723c751e8b465ee728b)  -> (artifact id: '7f49d71e727fa090582886b5bde55005') in 0.011456 seconds
  Import took 0.015703 seconds .

========================================================================
Received Import Request.
  Time since last request: 0.031776 seconds.
  path: Assets/Prefabs/Sphere.prefab
  artifactKey: Guid(b981cca99dd01d247ba4e9565c7aa72e) Importer(815301076,1909f56bfc062723c751e8b465ee728b)
Start importing Assets/Prefabs/Sphere.prefab using Guid(b981cca99dd01d247ba4e9565c7aa72e) Importer(815301076,1909f56bfc062723c751e8b465ee728b)  -> (artifact id: '7f49d71e727fa090582886b5bde55005') in 0.011541 seconds
  Import took 0.015713 seconds .

========================================================================
Received Import Request.
  Time since last request: 1.976165 seconds.
  path: Assets/Prefabs/Sphere.prefab
  artifactKey: Guid(b981cca99dd01d247ba4e9565c7aa72e) Importer(815301076,1909f56bfc062723c751e8b465ee728b)
Start importing Assets/Prefabs/Sphere.prefab using Guid(b981cca99dd01d247ba4e9565c7aa72e) Importer(815301076,1909f56bfc062723c751e8b465ee728b)  -> (artifact id: 'a63fe4f8ee5f3d35ef913e71ea3bc5e9') in 0.024402 seconds
  Import took 0.028257 seconds .

========================================================================
Received Import Request.
  Time since last request: 0.017708 seconds.
  path: Assets/Prefabs/Sphere.prefab
  artifactKey: Guid(b981cca99dd01d247ba4e9565c7aa72e) Importer(815301076,1909f56bfc062723c751e8b465ee728b)
Start importing Assets/Prefabs/Sphere.prefab using Guid(b981cca99dd01d247ba4e9565c7aa72e) Importer(815301076,1909f56bfc062723c751e8b465ee728b)  -> (artifact id: 'a63fe4f8ee5f3d35ef913e71ea3bc5e9') in 0.012659 seconds
  Import took 0.016676 seconds .

========================================================================
Received Prepare
Registering precompiled user dll's ...
Registered in 0.006510 seconds.
Begin MonoManager ReloadAssembly
Symbol file data-00000296A8E5AA30 doesn't match image D:\Sheffield Hallam University\Year 2\Game Deb\Game-Practice-Hub\Game Practice Hub\Library\ScriptAssemblies\Unity.Services.Core.Editor.dll
Symbol file LoadedFromMemory is not a mono symbol file
Symbol file data-00000296ABCD8E40 doesn't match image D:\Sheffield Hallam University\Year 2\Game Deb\Game-Practice-Hub\Game Practice Hub\Library\ScriptAssemblies\Unity.VSCode.Editor.dll
Symbol file LoadedFromMemory is not a mono symbol file
Symbol file data-00000296A304B5B0 doesn't match image D:\Sheffield Hallam University\Year 2\Game Deb\Game-Practice-Hub\Game Practice Hub\Library\ScriptAssemblies\Unity.TextMeshPro.Editor.dll
Symbol file LoadedFromMemory is not a mono symbol file
Symbol file data-00000296ABC43020 doesn't match image D:\Sheffield Hallam University\Year 2\Game Deb\Game-Practice-Hub\Game Practice Hub\Library\ScriptAssemblies\Unity.VisualStudio.Editor.dll
Symbol file LoadedFromMemory is not a mono symbol file
Symbol file data-00000296AF87F050 doesn't match image D:\Sheffield Hallam University\Year 2\Game Deb\Game-Practice-Hub\Game Practice Hub\Library\ScriptAssemblies\UnityEngine.TestRunner.dll
Symbol file LoadedFromMemory is not a mono symbol file
Symbol file data-00000296A2F0F050 doesn't match image D:\Sheffield Hallam University\Year 2\Game Deb\Game-Practice-Hub\Game Practice Hub\Library\ScriptAssemblies\Unity.Timeline.Editor.dll
Symbol file LoadedFromMemory is not a mono symbol file
Symbol file data-00000296A8A7C010 doesn't match image D:\Sheffield Hallam University\Year 2\Game Deb\Game-Practice-Hub\Game Practice Hub\Library\ScriptAssemblies\Unity.Timeline.dll
Symbol file LoadedFromMemory is not a mono symbol file
Symbol file data-00000296AFCEF020 doesn't match image D:\Sheffield Hallam University\Year 2\Game Deb\Game-Practice-Hub\Game Practice Hub\Library\ScriptAssemblies\Unity.TextMeshPro.dll
Symbol file LoadedFromMemory is not a mono symbol file
Symbol file data-00000296AF87F050 doesn't match image D:\Sheffield Hallam University\Year 2\Game Deb\Game-Practice-Hub\Game Practice Hub\Library\ScriptAssemblies\Unity.CollabProxy.Editor.dll
Symbol file LoadedFromMemory is not a mono symbol file
Symbol file data-00000296AAE55170 doesn't match image D:\Sheffield Hallam University\Year 2\Game Deb\Game-Practice-Hub\Game Practice Hub\Library\ScriptAssemblies\UnityEditor.TestRunner.dll
Symbol file LoadedFromMemory is not a mono symbol file
Symbol file data-00000296A7440080 doesn't match image D:\Sheffield Hallam University\Year 2\Game Deb\Game-Practice-Hub\Game Practice Hub\Library\ScriptAssemblies\Unity.PlasticSCM.Editor.dll
Symbol file LoadedFromMemory is not a mono symbol file
Symbol file data-00000296A8E5AA30 doesn't match image D:\Sheffield Hallam University\Year 2\Game Deb\Game-Practice-Hub\Game Practice Hub\Library\ScriptAssemblies\Unity.Rider.Editor.dll
Symbol file LoadedFromMemory is not a mono symbol file
Native extension for WindowsStandalone target not found
Refreshing native plugins compatible for Editor in 0.65 ms, found 2 plugins.
Preloading 0 native plugins for Editor in 0.00 ms.
Mono: successfully reloaded assembly
- Completed reload, in  1.595 seconds
Platform modules already initialized, skipping
Refreshing native plugins compatible for Editor in 0.53 ms, found 2 plugins.
Preloading 0 native plugins for Editor in 0.00 ms.
Unloading 1500 Unused Serialized files (Serialized files now loaded: 0)
System memory in use before: 77.1 MB.
System memory in use after: 77.2 MB.

Unloading 14 unused Assets to reduce memory usage. Loaded Objects now: 2022.
Total: 2.874200 ms (FindLiveObjects: 0.240400 ms CreateObjectMapping: 0.070600 ms MarkObjects: 2.536600 ms  DeleteObjects: 0.025300 ms)

========================================================================
Received Import Request.
  Time since last request: 49.210668 seconds.
  path: Assets/Prefabs/Sphere.prefab
  artifactKey: Guid(b981cca99dd01d247ba4e9565c7aa72e) Importer(815301076,1909f56bfc062723c751e8b465ee728b)
Start importing Assets/Prefabs/Sphere.prefab using Guid(b981cca99dd01d247ba4e9565c7aa72e) Importer(815301076,1909f56bfc062723c751e8b465ee728b)  -> (artifact id: '3542ecce7a8069f359ab989b0385c1a9') in 0.091205 seconds
  Import took 0.094862 seconds .

========================================================================
Received Import Request.
  Time since last request: 1.512773 seconds.
  path: Assets/Prefabs/Sphere.prefab
  artifactKey: Guid(b981cca99dd01d247ba4e9565c7aa72e) Importer(815301076,1909f56bfc062723c751e8b465ee728b)
Start importing Assets/Prefabs/Sphere.prefab using Guid(b981cca99dd01d247ba4e9565c7aa72e) Importer(815301076,1909f56bfc062723c751e8b465ee728b)  -> (artifact id: '9abb5242024ba13dbbb13a492891df43') in 0.058463 seconds
  Import took 0.062858 seconds .

========================================================================
Received Prepare
Registering precompiled user dll's ...
Registered in 0.005520 seconds.
Begin MonoManager ReloadAssembly
Symbol file data-00000296A8E5AA30 doesn't match image D:\Sheffield Hallam University\Year 2\Game Deb\Game-Practice-Hub\Game Practice Hub\Library\ScriptAssemblies\Unity.Services.Core.Editor.dll
Symbol file LoadedFromMemory is not a mono symbol file
Symbol file data-00000296AA839E50 doesn't match image D:\Sheffield Hallam University\Year 2\Game Deb\Game-Practice-Hub\Game Practice Hub\Library\ScriptAssemblies\Unity.VSCode.Editor.dll
Symbol file LoadedFromMemory is not a mono symbol file
Symbol file data-00000296A304B5B0 doesn't match image D:\Sheffield Hallam University\Year 2\Game Deb\Game-Practice-Hub\Game Practice Hub\Library\ScriptAssemblies\Unity.TextMeshPro.Editor.dll
Symbol file LoadedFromMemory is not a mono symbol file
Symbol file data-00000296A92088F0 doesn't match image D:\Sheffield Hallam University\Year 2\Game Deb\Game-Practice-Hub\Game Practice Hub\Library\ScriptAssemblies\Unity.VisualStudio.Editor.dll
Symbol file LoadedFromMemory is not a mono symbol file
Symbol file data-00000296ABB0EF30 doesn't match image D:\Sheffield Hallam University\Year 2\Game Deb\Game-Practice-Hub\Game Practice Hub\Library\ScriptAssemblies\UnityEngine.TestRunner.dll
Symbol file LoadedFromMemory is not a mono symbol file
Symbol file data-00000296AFE23020 doesn't match image D:\Sheffield Hallam University\Year 2\Game Deb\Game-Practice-Hub\Game Practice Hub\Library\ScriptAssemblies\Unity.Timeline.Editor.dll
Symbol file LoadedFromMemory is not a mono symbol file
Symbol file data-00000296A2E62010 doesn't match image D:\Sheffield Hallam University\Year 2\Game Deb\Game-Practice-Hub\Game Practice Hub\Library\ScriptAssemblies\Unity.Timeline.dll
Symbol file LoadedFromMemory is not a mono symbol file
Symbol file data-00000296A2B08040 doesn't match image D:\Sheffield Hallam University\Year 2\Game Deb\Game-Practice-Hub\Game Practice Hub\Library\ScriptAssemblies\Unity.TextMeshPro.dll
Symbol file LoadedFromMemory is not a mono symbol file
Symbol file data-00000296AF87F050 doesn't match image D:\Sheffield Hallam University\Year 2\Game Deb\Game-Practice-Hub\Game Practice Hub\Library\ScriptAssemblies\Unity.CollabProxy.Editor.dll
Symbol file LoadedFromMemory is not a mono symbol file
Symbol file data-00000296AAE55170 doesn't match image D:\Sheffield Hallam University\Year 2\Game Deb\Game-Practice-Hub\Game Practice Hub\Library\ScriptAssemblies\UnityEditor.TestRunner.dll
Symbol file LoadedFromMemory is not a mono symbol file
Symbol file data-00000296A7440080 doesn't match image D:\Sheffield Hallam University\Year 2\Game Deb\Game-Practice-Hub\Game Practice Hub\Library\ScriptAssemblies\Unity.PlasticSCM.Editor.dll
Symbol file LoadedFromMemory is not a mono symbol file
Symbol file data-00000296A8E5AA30 doesn't match image D:\Sheffield Hallam University\Year 2\Game Deb\Game-Practice-Hub\Game Practice Hub\Library\ScriptAssemblies\Unity.Rider.Editor.dll
Symbol file LoadedFromMemory is not a mono symbol file
Native extension for WindowsStandalone target not found
Refreshing native plugins compatible for Editor in 0.47 ms, found 2 plugins.
Preloading 0 native plugins for Editor in 0.00 ms.
Mono: successfully reloaded assembly
- Completed reload, in  1.618 seconds
Platform modules already initialized, skipping
Refreshing native plugins compatible for Editor in 0.45 ms, found 2 plugins.
Preloading 0 native plugins for Editor in 0.00 ms.
Unloading 1500 Unused Serialized files (Serialized files now loaded: 0)
System memory in use before: 77.1 MB.
System memory in use after: 77.3 MB.

Unloading 14 unused Assets to reduce memory usage. Loaded Objects now: 2025.
Total: 3.248200 ms (FindLiveObjects: 0.463400 ms CreateObjectMapping: 0.121800 ms MarkObjects: 2.632100 ms  DeleteObjects: 0.028700 ms)

AssetImportWorkerClient::OnTransportError - code=2 error=End of file
