Using pre-set license
Built from '2020.3/staging' branch; Version is '2020.3.8f1 (507919d4fff5) revision 5273881'; Using compiler version '192528614'; Build Type 'Release'
OS: 'Windows 10 Home; OS build 18363.592; Version 1909; 64bit' Language: 'en' Physical Memory: 8034 MB
BatchMode: 1, IsHumanControllingUs: 0, StartBugReporterOnCrash: 0, Is64bit: 1, IsPro: 0

 COMMAND LINE ARGUMENTS:
C:\Program Files\Unity\Hub\Editor\2020.3.8f1\Editor\Unity.exe
-adb2
-batchMode
-noUpm
-name
AssetImportWorker0
-projectPath
D:/Sheffield Hallam University/Year 2/Game Deb/Game-Practice-Hub/Game Practice Hub
-logFile
Logs/AssetImportWorker0.log
-srvPort
63089
Successfully changed project path to: D:/Sheffield Hallam University/Year 2/Game Deb/Game-Practice-Hub/Game Practice Hub
D:/Sheffield Hallam University/Year 2/Game Deb/Game-Practice-Hub/Game Practice Hub
Using Asset Import Pipeline V2.
Refreshing native plugins compatible for Editor in 49.03 ms, found 2 plugins.
Preloading 0 native plugins for Editor in 0.00 ms.
Initialize engine version: 2020.3.8f1 (507919d4fff5)
[Subsystems] Discovering subsystems at path C:/Program Files/Unity/Hub/Editor/2020.3.8f1/Editor/Data/Resources/UnitySubsystems
[Subsystems] Discovering subsystems at path D:/Sheffield Hallam University/Year 2/Game Deb/Game-Practice-Hub/Game Practice Hub/Assets
GfxDevice: creating device client; threaded=0
Direct3D:
    Version:  Direct3D 11.0 [level 11.1]
    Renderer: Intel(R) UHD Graphics 630 (ID=0x3e9b)
    Vendor:   
    VRAM:     4017 MB
    Driver:   27.20.100.8681
Initialize mono
Mono path[0] = 'C:/Program Files/Unity/Hub/Editor/2020.3.8f1/Editor/Data/Managed'
Mono path[1] = 'C:/Program Files/Unity/Hub/Editor/2020.3.8f1/Editor/Data/MonoBleedingEdge/lib/mono/unityjit'
Mono config path = 'C:/Program Files/Unity/Hub/Editor/2020.3.8f1/Editor/Data/MonoBleedingEdge/etc'
Using monoOptions --debugger-agent=transport=dt_socket,embedding=1,server=y,suspend=n,address=127.0.0.1:56164
Begin MonoManager ReloadAssembly
Registering precompiled unity dll's ...
Register platform support module: C:/Program Files/Unity/Hub/Editor/2020.3.8f1/Editor/Data/PlaybackEngines/WindowsStandaloneSupport/UnityEditor.WindowsStandalone.Extensions.dll
Registered in 0.002911 seconds.
Native extension for WindowsStandalone target not found
Refreshing native plugins compatible for Editor in 46.50 ms, found 2 plugins.
Preloading 0 native plugins for Editor in 0.00 ms.
Mono: successfully reloaded assembly
- Completed reload, in  1.593 seconds
Platform modules already initialized, skipping
Registering precompiled user dll's ...
Registered in 0.004550 seconds.
Begin MonoManager ReloadAssembly
Native extension for WindowsStandalone target not found
Refreshing native plugins compatible for Editor in 0.45 ms, found 2 plugins.
Preloading 0 native plugins for Editor in 0.00 ms.
Mono: successfully reloaded assembly
- Completed reload, in  1.569 seconds
Platform modules already initialized, skipping
========================================================================
Worker process is ready to serve import requests
Launched and connected shader compiler UnityShaderCompiler.exe after 0.07 seconds
Refreshing native plugins compatible for Editor in 0.43 ms, found 2 plugins.
Preloading 0 native plugins for Editor in 0.00 ms.
Unloading 1501 Unused Serialized files (Serialized files now loaded: 0)
System memory in use before: 67.9 MB.
System memory in use after: 68.0 MB.

Unloading 19 unused Assets to reduce memory usage. Loaded Objects now: 1933.
Total: 2.940500 ms (FindLiveObjects: 0.213600 ms CreateObjectMapping: 0.072200 ms MarkObjects: 2.557800 ms  DeleteObjects: 0.095500 ms)

========================================================================
Received Import Request.
  path: Assets/Prefabs/Orange Star.prefab
  artifactKey: Guid(4ceaceff18494e847b8e085240d708ef) Importer(815301076,1909f56bfc062723c751e8b465ee728b)
Start importing Assets/Prefabs/Orange Star.prefab using Guid(4ceaceff18494e847b8e085240d708ef) Importer(815301076,1909f56bfc062723c751e8b465ee728b)  -> (artifact id: 'ed3b4a6b9322261b88bfdf647983f249') in 0.220717 seconds
  Import took 0.249054 seconds .

========================================================================
Received Import Request.
  Time since last request: 0.000715 seconds.
  path: Assets/Prefabs/Gas Giant.prefab
  artifactKey: Guid(493ab75120f75d44998c0b4703f886d5) Importer(815301076,1909f56bfc062723c751e8b465ee728b)
Start importing Assets/Prefabs/Gas Giant.prefab using Guid(493ab75120f75d44998c0b4703f886d5) Importer(815301076,1909f56bfc062723c751e8b465ee728b)  -> (artifact id: '2a4c0f1b3b799c6c767c9914b0e7031b') in 0.022274 seconds
  Import took 0.041582 seconds .

========================================================================
Received Import Request.
  Time since last request: 0.000293 seconds.
  path: Assets/Prefabs/Rocky Planet.prefab
  artifactKey: Guid(d02dc09cacb22d248a71fe8d06641ab6) Importer(815301076,1909f56bfc062723c751e8b465ee728b)
Start importing Assets/Prefabs/Rocky Planet.prefab using Guid(d02dc09cacb22d248a71fe8d06641ab6) Importer(815301076,1909f56bfc062723c751e8b465ee728b)  -> (artifact id: 'f0cad3321f0fa13656c871718c48c4d5') in 0.024987 seconds
  Import took 0.030966 seconds .

========================================================================
Received Import Request.
  Time since last request: 0.000354 seconds.
  path: Assets/Prefabs/Gas Giant.prefab
  artifactKey: Guid(493ab75120f75d44998c0b4703f886d5) Importer(815301076,1909f56bfc062723c751e8b465ee728b)
Start importing Assets/Prefabs/Gas Giant.prefab using Guid(493ab75120f75d44998c0b4703f886d5) Importer(815301076,1909f56bfc062723c751e8b465ee728b)  -> (artifact id: '2a4c0f1b3b799c6c767c9914b0e7031b') in 0.013351 seconds
  Import took 0.018346 seconds .

AssetImportWorkerClient::OnTransportError - code=2 error=End of file
